#
# A fatal error has been detected by the Java Runtime Environment:
#
#  EXCEPTION_ACCESS_VIOLATION (0xc0000005) at pc=0x00007ff848cc2618, pid=3540, tid=4768
#
# JRE version: OpenJDK Runtime Environment JBR-11.0.13.7-1751.25-jcef (11.0.13+7) (build 11.0.13+7-b1751.25)
# Java VM: OpenJDK 64-Bit Server VM JBR-11.0.13.7-1751.25-jcef (11.0.13+7-b1751.25, mixed mode, tiered, compressed oops, g1 gc, windows-amd64)
# Problematic frame:
# V  [jvm.dll+0x312618]
#
# No core dump will be written. Minidumps are not enabled by default on client versions of Windows
#
# If you would like to submit a bug report, please visit:
#   https://bugreport.java.com/bugreport/crash.jsp
#

---------------  S U M M A R Y ------------

Command Line: --add-opens=java.base/java.util=ALL-UNNAMED --add-opens=java.base/java.lang=ALL-UNNAMED --add-opens=java.base/java.lang.invoke=ALL-UNNAMED --add-opens=java.base/java.util=ALL-UNNAMED --add-opens=java.prefs/java.util.prefs=ALL-UNNAMED --add-opens=java.prefs/java.util.prefs=ALL-UNNAMED --add-opens=java.base/java.nio.charset=ALL-UNNAMED --add-opens=java.base/java.net=ALL-UNNAMED --add-opens=java.base/java.util.concurrent.atomic=ALL-UNNAMED -XX:MaxMetaspaceSize=256m -XX:+HeapDumpOnOutOfMemoryError -Xms256m -Xmx512m -Dfile.encoding=windows-1252 -Duser.country=US -Duser.language=en -Duser.variant org.gradle.launcher.daemon.bootstrap.GradleDaemon 7.3.3

Host: AMD Ryzen 3 3200G with Radeon Vega Graphics    , 4 cores, 5G,  Windows 10 , 64 bit Build 19041 (10.0.19041.1566)
Time: Wed Mar 16 17:35:14 2022 Bangladesh Standard Time elapsed time: 722.202019 seconds (0d 0h 12m 2s)

---------------  T H R E A D  ---------------

Current thread (0x00000223e8ba9000):  ConcurrentGCThread "G1 Conc#0" [stack: 0x000000b1ea200000,0x000000b1ea300000] [id=4768]

Stack: [0x000000b1ea200000,0x000000b1ea300000],  sp=0x000000b1ea2ff0a0,  free space=1020k
Native frames: (J=compiled Java code, j=interpreted, Vv=VM code, C=native code)
V  [jvm.dll+0x312618]
V  [jvm.dll+0x31a221]
V  [jvm.dll+0x319c4a]
V  [jvm.dll+0x318ed0]
V  [jvm.dll+0x359b67]
V  [jvm.dll+0x31a9aa]
V  [jvm.dll+0x7c3c50]
V  [jvm.dll+0x759755]
V  [jvm.dll+0x612a16]
C  [ucrtbase.dll+0x21bb2]
C  [KERNEL32.DLL+0x17034]
C  [ntdll.dll+0x52651]


siginfo: EXCEPTION_ACCESS_VIOLATION (0xc0000005), reading address 0x00000000000000f8


Register to memory mapping:

RIP=0x00007ff848cc2618 jvm.dll
RAX=0x00000223e8b97080 points into unknown readable memory: 0x0000000000000000 | 00 00 00 00 00 00 00 00
RBX=0x00000000e95f3014 is pointing into object: groovyjarjarantlr4.v4.runtime.atn.ATNConfig 
{0x00000000e95f3000} - klass: 'groovyjarjarantlr4/v4/runtime/atn/ATNConfig'
RCX=0x0 is NULL
RDX=0x0000000000000795 is an unknown value
RSP=0x000000b1ea2ff0a0 points into unknown readable memory: 0x00000223853a0cd0 | d0 0c 3a 85 23 02 00 00
RBP=0x000000b1ea2ff3b8 points into unknown readable memory: 0x00007ff849252208 | 08 22 25 49 f8 7f 00 00
RSI=0x00000001005df780 is pointing into metadata
RDI=0x00000000e95f3018 is an oop: groovyjarjarantlr4.v4.runtime.atn.SingletonPredictionContext 
{0x00000000e95f3018} - klass: 'groovyjarjarantlr4/v4/runtime/atn/SingletonPredictionContext'
R8 =0x0000000000ffdfff is an unknown value
R9 =0x00000223ec7d1100 is at begin+0 in a stub
StubRoutines::atomic_cmpxchg_long [0x00000223ec7d1100, 0x00000223ec7d1109[ (9 bytes)
R10=0x00000001005df770 is pointing into metadata
R11=0x00000223fc1d0000 points into unknown readable memory: 0x0000000000000001 | 01 00 00 00 00 00 00 00
R12=0x00000000e9600000 is an oop: groovyjarjarantlr4.v4.runtime.atn.ATNConfig 
{0x00000000e9600000} - klass: 'groovyjarjarantlr4/v4/runtime/atn/ATNConfig'
R13=0x000000b1ea2ff2a0 points into unknown readable memory: 0x00000000e95c0000 | 00 00 5c e9 00 00 00 00
R14=0x00000001005df788 is a pointer to class: 
groovyjarjarantlr4.v4.runtime.atn.ATNConfig$SemanticContextATNConfig {0x00000001005df790}
R15=0x00000000e95f3000 is an oop: groovyjarjarantlr4.v4.runtime.atn.ATNConfig 
{0x00000000e95f3000} - klass: 'groovyjarjarantlr4/v4/runtime/atn/ATNConfig'


Registers:
RAX=0x00000223e8b97080, RBX=0x00000000e95f3014, RCX=0x0000000000000000, RDX=0x0000000000000795
RSP=0x000000b1ea2ff0a0, RBP=0x000000b1ea2ff3b8, RSI=0x00000001005df780, RDI=0x00000000e95f3018
R8 =0x0000000000ffdfff, R9 =0x00000223ec7d1100, R10=0x00000001005df770, R11=0x00000223fc1d0000
R12=0x00000000e9600000, R13=0x000000b1ea2ff2a0, R14=0x00000001005df788, R15=0x00000000e95f3000
RIP=0x00007ff848cc2618, EFLAGS=0x0000000000010217

Top of Stack: (sp=0x000000b1ea2ff0a0)
0x000000b1ea2ff0a0:   00000223853a0cd0 00000000e95f3010
0x000000b1ea2ff0b0:   0000022300000095 00000000e95f2dd0
0x000000b1ea2ff0c0:   00000000e9600000 00000000e9600000
0x000000b1ea2ff0d0:   000000b1ea2ff190 00007ff848cca221
0x000000b1ea2ff0e0:   00000000e95f3000 000000b1ea2ff3a0
0x000000b1ea2ff0f0:   0000000000000003 00007ff848d07ca0
0x000000b1ea2ff100:   00000000e95bffb8 000000000000003a
0x000000b1ea2ff110:   00000000e95c0000 0000000000000031
0x000000b1ea2ff120:   000000000000000c 00007ff848cc9c4a
0x000000b1ea2ff130:   000000b1ea2ff3a0 00000000000065a4
0x000000b1ea2ff140:   00000000e95f3000 00007ff848f944f3
0x000000b1ea2ff150:   00000000e95bffb8 00000223e698bff0
0x000000b1ea2ff160:   0000000000000000 00000223e8baa500
0x000000b1ea2ff170:   0000000000000000 000000b1ea2ff3a0
0x000000b1ea2ff180:   00000000e95c0000 0000000000008000
0x000000b1ea2ff190:   00000000e95c0000 0000000000008000 

Instructions: (pc=0x00007ff848cc2618)
0x00007ff848cc2518:   45 18 48 81 c1 90 00 00 00 48 8b d3 e8 37 80 04
0x00007ff848cc2528:   00 48 83 c3 04 48 3b df 72 90 48 83 c6 08 49 3b
0x00007ff848cc2538:   f6 0f 82 71 ff ff ff 48 8b 5c 24 40 48 8b 6c 24
0x00007ff848cc2548:   48 48 8b 74 24 50 48 83 c4 20 41 5f 41 5e 5f c3
0x00007ff848cc2558:   cc cc cc cc cc cc cc cc 48 89 5c 24 08 48 89 6c
0x00007ff848cc2568:   24 10 48 89 74 24 18 57 41 56 41 57 48 83 ec 20
0x00007ff848cc2578:   49 63 98 c4 00 00 00 48 8b e9 49 8b c8 49 8b f8
0x00007ff848cc2588:   4c 8b fa e8 e0 5e 1d 00 4c 8d 14 d8 48 63 87 34
0x00007ff848cc2598:   01 00 00 49 8d 34 c2 8b 87 30 01 00 00 4c 8d 34
0x00007ff848cc25a8:   c6 49 3b f6 0f 83 9f 00 00 00 0f 1f 40 00 66 66
0x00007ff848cc25b8:   0f 1f 84 00 00 00 00 00 48 63 1e 8b 46 04 49 03
0x00007ff848cc25c8:   df 48 8d 3c 83 48 3b df 73 72 8b 03 85 c0 74 63
0x00007ff848cc25d8:   8b 0d 6a 81 73 00 8b d0 48 d3 e2 48 03 15 56 81
0x00007ff848cc25e8:   73 00 74 4f 8b 0d 8e 42 78 00 48 8b c2 48 33 c3
0x00007ff848cc25f8:   48 d3 e8 48 85 c0 74 3b 48 8b 45 10 8b 88 c0 02
0x00007ff848cc2608:   00 00 48 8b 80 b0 02 00 00 48 d3 ea 48 8b 0c d0
0x00007ff848cc2618:   48 8b 89 f8 00 00 00 83 b9 18 01 00 00 00 74 13
0x00007ff848cc2628:   44 8b 45 18 48 81 c1 90 00 00 00 48 8b d3 e8 25
0x00007ff848cc2638:   7f 04 00 48 83 c3 04 48 3b df 72 8e 48 83 c6 08
0x00007ff848cc2648:   49 3b f6 0f 82 6f ff ff ff 48 8b 5c 24 40 48 8b
0x00007ff848cc2658:   6c 24 48 48 8b 74 24 50 48 83 c4 20 41 5f 41 5e
0x00007ff848cc2668:   5f c3 cc cc cc cc cc cc 40 53 57 41 54 41 55 41
0x00007ff848cc2678:   56 41 57 48 83 ec 48 49 63 98 c4 00 00 00 4c 8b
0x00007ff848cc2688:   f9 49 8b c8 49 8b f8 4c 8b ea e8 d9 5d 1d 00 4c
0x00007ff848cc2698:   8d 14 d8 48 63 87 34 01 00 00 4d 8d 34 c2 8b 87
0x00007ff848cc26a8:   30 01 00 00 4d 8d 24 c6 4d 3b f4 0f 83 ac 01 00
0x00007ff848cc26b8:   00 48 89 ac 24 80 00 00 00 48 89 74 24 40 66 66
0x00007ff848cc26c8:   0f 1f 84 00 00 00 00 00 49 63 36 41 8b 46 04 49
0x00007ff848cc26d8:   03 f5 48 8d 2c 86 48 3b f5 0f 83 64 01 00 00 66
0x00007ff848cc26e8:   0f 1f 84 00 00 00 00 00 8b 06 85 c0 0f 84 44 01
0x00007ff848cc26f8:   00 00 8b 0d 48 80 73 00 44 8b c0 4d 8b 4f 10 49
0x00007ff848cc2708:   d3 e0 4c 03 05 2f 80 73 00 49 8b d0 41 8b 89 f0 


Stack slot to memory mapping:
stack at sp + 0 slots: 0x00000223853a0cd0 points into unknown readable memory: 0x00000223e8c31e50 | 50 1e c3 e8 23 02 00 00
stack at sp + 1 slots: 0x00000000e95f3010 is pointing into object: groovyjarjarantlr4.v4.runtime.atn.ATNConfig 
{0x00000000e95f3000} - klass: 'groovyjarjarantlr4/v4/runtime/atn/ATNConfig'
stack at sp + 2 slots: 0x0000022300000095 is an unknown value
stack at sp + 3 slots: 0x00000000e95f2dd0 is pointing into object: [Lgroovyjarjarantlr4.v4.runtime.atn.PredictionContext; 
{0x00000000e95f2dc0} - klass: 'groovyjarjarantlr4/v4/runtime/atn/PredictionContext'[]
 - length: 2
stack at sp + 4 slots: 0x00000000e9600000 is an oop: groovyjarjarantlr4.v4.runtime.atn.ATNConfig 
{0x00000000e9600000} - klass: 'groovyjarjarantlr4/v4/runtime/atn/ATNConfig'
stack at sp + 5 slots: 0x00000000e9600000 is an oop: groovyjarjarantlr4.v4.runtime.atn.ATNConfig 
{0x00000000e9600000} - klass: 'groovyjarjarantlr4/v4/runtime/atn/ATNConfig'
stack at sp + 6 slots: 0x000000b1ea2ff190 points into unknown readable memory: 0x00000000e95c0000 | 00 00 5c e9 00 00 00 00
stack at sp + 7 slots: 0x00007ff848cca221 jvm.dll


---------------  P R O C E S S  ---------------

Threads class SMR info:
_java_thread_list=0x00000223833ef8f0, length=86, elements={
0x00000223e8b7c000, 0x00000223fefdf800, 0x00000223fefe9000, 0x00000223ff005000,
0x00000223ff007000, 0x00000223ff008000, 0x00000223ff00b800, 0x00000223ff00f000,
0x00000223ff976000, 0x00000223ffabe000, 0x0000022381c8b000, 0x00000223ffc3f000,
0x0000022382dfd800, 0x000002238207b800, 0x000002238207c800, 0x000002238207d000,
0x000002238207f000, 0x0000022382082000, 0x0000022382080800, 0x000002238207e000,
0x000002238207f800, 0x000002238334d800, 0x000002238334e000, 0x0000022383354800,
0x000002238193d800, 0x0000022386895800, 0x0000022381934800, 0x0000022381936000,
0x0000022381934000, 0x0000022381932000, 0x0000022381937000, 0x0000022381935800,
0x0000022381931800, 0x0000022381938000, 0x0000022381938800, 0x0000022381933000,
0x0000022381939800, 0x000002238193f000, 0x000002238193e800, 0x0000022381940000,
0x000002238193a800, 0x000002238193b000, 0x000002238193c000, 0x000002238193d000,
0x0000022386891800, 0x0000022386896800, 0x0000022386895000, 0x0000022386898000,
0x0000022386892800, 0x0000022386899000, 0x0000022386893000, 0x0000022386899800,
0x0000022386894000, 0x000002238689e800, 0x000002238689f800, 0x000002238689d000,
0x00000223868a0000, 0x000002238689a800, 0x000002238689c000, 0x000002238689d800,
0x000002238334f800, 0x0000022383354000, 0x000002238334f000, 0x0000022383351800,
0x0000022383355800, 0x0000022383356000, 0x0000022383350800, 0x0000022383358800,
0x0000022383353000, 0x000002238335b000, 0x0000022383357000, 0x0000022383358000,
0x0000022383359800, 0x000002238335c000, 0x000002238335a800, 0x0000022382081800,
0x0000022380db1000, 0x0000022380daf000, 0x0000022380dac800, 0x0000022380db3000,
0x0000022380db1800, 0x0000022380db2800, 0x0000022380dad800, 0x0000022380db0000,
0x0000022380dae800, 0x0000022380dba000
}

Java Threads: ( => current thread )
  0x00000223e8b7c000 JavaThread "main" [_thread_blocked, id=368, stack(0x000000b1e9f00000,0x000000b1ea000000)]
  0x00000223fefdf800 JavaThread "Reference Handler" daemon [_thread_blocked, id=6776, stack(0x000000b1ea600000,0x000000b1ea700000)]
  0x00000223fefe9000 JavaThread "Finalizer" daemon [_thread_blocked, id=7608, stack(0x000000b1ea700000,0x000000b1ea800000)]
  0x00000223ff005000 JavaThread "Signal Dispatcher" daemon [_thread_blocked, id=1796, stack(0x000000b1ea800000,0x000000b1ea900000)]
  0x00000223ff007000 JavaThread "Attach Listener" daemon [_thread_blocked, id=1332, stack(0x000000b1ea900000,0x000000b1eaa00000)]
  0x00000223ff008000 JavaThread "Service Thread" daemon [_thread_blocked, id=2608, stack(0x000000b1eaa00000,0x000000b1eab00000)]
  0x00000223ff00b800 JavaThread "C2 CompilerThread0" daemon [_thread_blocked, id=4812, stack(0x000000b1eab00000,0x000000b1eac00000)]
  0x00000223ff00f000 JavaThread "C1 CompilerThread0" daemon [_thread_blocked, id=1316, stack(0x000000b1eac00000,0x000000b1ead00000)]
  0x00000223ff976000 JavaThread "Sweeper thread" daemon [_thread_blocked, id=3168, stack(0x000000b1ead00000,0x000000b1eae00000)]
  0x00000223ffabe000 JavaThread "Common-Cleaner" daemon [_thread_blocked, id=6668, stack(0x000000b1eae00000,0x000000b1eaf00000)]
  0x0000022381c8b000 JavaThread "Daemon health stats" [_thread_blocked, id=8312, stack(0x000000b1eb400000,0x000000b1eb500000)]
  0x00000223ffc3f000 JavaThread "Incoming local TCP Connector on port 62949" [_thread_in_native, id=7800, stack(0x000000b1eb000000,0x000000b1eb100000)]
  0x0000022382dfd800 JavaThread "Daemon periodic checks" [_thread_blocked, id=3504, stack(0x000000b1eb500000,0x000000b1eb600000)]
  0x000002238207b800 JavaThread "Cache worker for journal cache (C:\Users\Anjan Karmakar\.gradle\caches\journal-1)" [_thread_blocked, id=2860, stack(0x000000b1ebe00000,0x000000b1ebf00000)]
  0x000002238207c800 JavaThread "File lock request listener" [_thread_in_native, id=5148, stack(0x000000b1ebf00000,0x000000b1ec000000)]
  0x000002238207d000 JavaThread "Cache worker for file hash cache (C:\Users\Anjan Karmakar\.gradle\caches\7.3.3\fileHashes)" [_thread_blocked, id=3328, stack(0x000000b1ec000000,0x000000b1ec100000)]
  0x000002238207f000 JavaThread "File watcher server" daemon [_thread_in_native, id=552, stack(0x000000b1ec200000,0x000000b1ec300000)]
  0x0000022382082000 JavaThread "File watcher consumer" daemon [_thread_blocked, id=8272, stack(0x000000b1ec300000,0x000000b1ec400000)]
  0x0000022382080800 JavaThread "jar transforms" [_thread_blocked, id=5364, stack(0x000000b1eb800000,0x000000b1eb900000)]
  0x000002238207e000 JavaThread "jar transforms Thread 2" [_thread_blocked, id=8656, stack(0x000000b1ec400000,0x000000b1ec500000)]
  0x000002238207f800 JavaThread "jar transforms Thread 3" [_thread_blocked, id=900, stack(0x000000b1ec500000,0x000000b1ec600000)]
  0x000002238334d800 JavaThread "jar transforms Thread 4" [_thread_blocked, id=8636, stack(0x000000b1ec600000,0x000000b1ec700000)]
  0x000002238334e000 JavaThread "Cache worker for execution history cache (C:\Users\Anjan Karmakar\.gradle\caches\7.3.3\executionHistory)" [_thread_blocked, id=4044, stack(0x000000b1ecb00000,0x000000b1ecc00000)]
  0x0000022383354800 JavaThread "Cache worker for file content cache (C:\Users\Anjan Karmakar\.gradle\caches\7.3.3\fileContent)" [_thread_blocked, id=6592, stack(0x000000b1ecc00000,0x000000b1ecd00000)]
  0x000002238193d800 JavaThread "Memory manager" [_thread_blocked, id=6608, stack(0x000000b1ef500000,0x000000b1ef600000)]
  0x0000022386895800 JavaThread "ForkJoinPool.commonPool-worker-7" daemon [_thread_blocked, id=3196, stack(0x000000b1ef900000,0x000000b1efa00000)]
  0x0000022381934800 JavaThread "Daemon Thread 3" [_thread_blocked, id=4280, stack(0x000000b1e9c00000,0x000000b1e9d00000)]
  0x0000022381936000 JavaThread "Daemon worker Thread 3" [_thread_blocked, id=8932, stack(0x000000b1eb600000,0x000000b1eb700000)]
  0x0000022381934000 JavaThread "Handler for socket connection from /127.0.0.1:62949 to /127.0.0.1:63227" [_thread_in_native, id=10168, stack(0x000000b1e9d00000,0x000000b1e9e00000)]
  0x0000022381932000 JavaThread "Cancel handler" [_thread_blocked, id=8340, stack(0x000000b1e9e00000,0x000000b1e9f00000)]
  0x0000022381937000 JavaThread "Asynchronous log dispatcher for DefaultDaemonConnection: socket connection from /127.0.0.1:62949 to /127.0.0.1:63227" [_thread_blocked, id=9844, stack(0x000000b1eb700000,0x000000b1eb800000)]
  0x0000022381935800 JavaThread "Stdin handler" [_thread_blocked, id=9968, stack(0x000000b1eb900000,0x000000b1eba00000)]
  0x0000022381931800 JavaThread "Daemon client event forwarder" [_thread_blocked, id=9972, stack(0x000000b1eba00000,0x000000b1ebb00000)]
  0x0000022381938000 JavaThread "Cache worker for file hash cache (C:\Users\Anjan Karmakar\IdeaProjects\Zookeeper\.gradle\7.3.3\fileHashes)" [_thread_blocked, id=9956, stack(0x000000b1ebb00000,0x000000b1ebc00000)]
  0x0000022381938800 JavaThread "Cache worker for checksums cache (C:\Users\Anjan Karmakar\IdeaProjects\Zookeeper\.gradle\7.3.3\checksums)" [_thread_blocked, id=9472, stack(0x000000b1ebc00000,0x000000b1ebd00000)]
  0x0000022381933000 JavaThread "Cache worker for cache directory md-supplier (C:\Users\Anjan Karmakar\.gradle\caches\7.3.3\md-supplier)" [_thread_blocked, id=9996, stack(0x000000b1ebd00000,0x000000b1ebe00000)]
  0x0000022381939800 JavaThread "Cache worker for cache directory md-rule (C:\Users\Anjan Karmakar\.gradle\caches\7.3.3\md-rule)" [_thread_blocked, id=9992, stack(0x000000b1ec100000,0x000000b1ec200000)]
  0x000002238193f000 JavaThread "Unconstrained build operations" [_thread_blocked, id=8796, stack(0x000000b1ec700000,0x000000b1ec800000)]
  0x000002238193e800 JavaThread "Unconstrained build operations Thread 2" [_thread_blocked, id=6696, stack(0x000000b1ec900000,0x000000b1eca00000)]
  0x0000022381940000 JavaThread "Cache worker for dependencies-accessors (C:\Users\Anjan Karmakar\IdeaProjects\Zookeeper\.gradle\7.3.3\dependencies-accessors)" [_thread_blocked, id=7188, stack(0x000000b1eca00000,0x000000b1ecb00000)]
  0x000002238193a800 JavaThread "Cache worker for Build Output Cleanup Cache (C:\Users\Anjan Karmakar\IdeaProjects\Zookeeper\.gradle\buildOutputCleanup)" [_thread_blocked, id=8408, stack(0x000000b1ecd00000,0x000000b1ece00000)]
  0x000002238193b000 JavaThread "Unconstrained build operations Thread 3" [_thread_blocked, id=1964, stack(0x000000b1ece00000,0x000000b1ecf00000)]
  0x000002238193c000 JavaThread "Unconstrained build operations Thread 4" [_thread_blocked, id=10136, stack(0x000000b1ecf00000,0x000000b1ed000000)]
  0x000002238193d000 JavaThread "Unconstrained build operations Thread 5" [_thread_blocked, id=1020, stack(0x000000b1ed000000,0x000000b1ed100000)]
  0x0000022386891800 JavaThread "Unconstrained build operations Thread 6" [_thread_blocked, id=8436, stack(0x000000b1ed100000,0x000000b1ed200000)]
  0x0000022386896800 JavaThread "Unconstrained build operations Thread 7" [_thread_blocked, id=10004, stack(0x000000b1ed200000,0x000000b1ed300000)]
  0x0000022386895000 JavaThread "Unconstrained build operations Thread 8" [_thread_blocked, id=1536, stack(0x000000b1ed300000,0x000000b1ed400000)]
  0x0000022386898000 JavaThread "Unconstrained build operations Thread 9" [_thread_blocked, id=1520, stack(0x000000b1ed400000,0x000000b1ed500000)]
  0x0000022386892800 JavaThread "Unconstrained build operations Thread 10" [_thread_blocked, id=6344, stack(0x000000b1ed500000,0x000000b1ed600000)]
  0x0000022386899000 JavaThread "Unconstrained build operations Thread 11" [_thread_blocked, id=224, stack(0x000000b1ed600000,0x000000b1ed700000)]
  0x0000022386893000 JavaThread "Unconstrained build operations Thread 12" [_thread_blocked, id=9280, stack(0x000000b1ed700000,0x000000b1ed800000)]
  0x0000022386899800 JavaThread "Unconstrained build operations Thread 13" [_thread_blocked, id=8444, stack(0x000000b1ed800000,0x000000b1ed900000)]
  0x0000022386894000 JavaThread "Unconstrained build operations Thread 14" [_thread_blocked, id=8068, stack(0x000000b1ed900000,0x000000b1eda00000)]
  0x000002238689e800 JavaThread "Unconstrained build operations Thread 15" [_thread_blocked, id=5040, stack(0x000000b1eda00000,0x000000b1edb00000)]
  0x000002238689f800 JavaThread "Unconstrained build operations Thread 16" [_thread_blocked, id=8820, stack(0x000000b1edb00000,0x000000b1edc00000)]
  0x000002238689d000 JavaThread "Unconstrained build operations Thread 17" [_thread_blocked, id=9524, stack(0x000000b1edc00000,0x000000b1edd00000)]
  0x00000223868a0000 JavaThread "Unconstrained build operations Thread 18" [_thread_blocked, id=2356, stack(0x000000b1edd00000,0x000000b1ede00000)]
  0x000002238689a800 JavaThread "Unconstrained build operations Thread 19" [_thread_blocked, id=6288, stack(0x000000b1ede00000,0x000000b1edf00000)]
  0x000002238689c000 JavaThread "Unconstrained build operations Thread 20" [_thread_blocked, id=9708, stack(0x000000b1edf00000,0x000000b1ee000000)]
  0x000002238689d800 JavaThread "Unconstrained build operations Thread 21" [_thread_blocked, id=2740, stack(0x000000b1ee000000,0x000000b1ee100000)]
  0x000002238334f800 JavaThread "Unconstrained build operations Thread 22" [_thread_blocked, id=8368, stack(0x000000b1ee100000,0x000000b1ee200000)]
  0x0000022383354000 JavaThread "Unconstrained build operations Thread 23" [_thread_blocked, id=5716, stack(0x000000b1ee200000,0x000000b1ee300000)]
  0x000002238334f000 JavaThread "Unconstrained build operations Thread 24" [_thread_blocked, id=3088, stack(0x000000b1ee300000,0x000000b1ee400000)]
  0x0000022383351800 JavaThread "Unconstrained build operations Thread 25" [_thread_blocked, id=9252, stack(0x000000b1ee400000,0x000000b1ee500000)]
  0x0000022383355800 JavaThread "Unconstrained build operations Thread 26" [_thread_blocked, id=9244, stack(0x000000b1ee500000,0x000000b1ee600000)]
  0x0000022383356000 JavaThread "Unconstrained build operations Thread 27" [_thread_blocked, id=2656, stack(0x000000b1ee600000,0x000000b1ee700000)]
  0x0000022383350800 JavaThread "Unconstrained build operations Thread 28" [_thread_blocked, id=6964, stack(0x000000b1ee700000,0x000000b1ee800000)]
  0x0000022383358800 JavaThread "Unconstrained build operations Thread 29" [_thread_blocked, id=9260, stack(0x000000b1ee800000,0x000000b1ee900000)]
  0x0000022383353000 JavaThread "Unconstrained build operations Thread 30" [_thread_blocked, id=1908, stack(0x000000b1ee900000,0x000000b1eea00000)]
  0x000002238335b000 JavaThread "Unconstrained build operations Thread 31" [_thread_blocked, id=9448, stack(0x000000b1eea00000,0x000000b1eeb00000)]
  0x0000022383357000 JavaThread "Unconstrained build operations Thread 32" [_thread_blocked, id=9144, stack(0x000000b1eeb00000,0x000000b1eec00000)]
  0x0000022383358000 JavaThread "Unconstrained build operations Thread 33" [_thread_blocked, id=8744, stack(0x000000b1eec00000,0x000000b1eed00000)]
  0x0000022383359800 JavaThread "Unconstrained build operations Thread 34" [_thread_blocked, id=5580, stack(0x000000b1eed00000,0x000000b1eee00000)]
  0x000002238335c000 JavaThread "Unconstrained build operations Thread 35" [_thread_blocked, id=4888, stack(0x000000b1eee00000,0x000000b1eef00000)]
  0x000002238335a800 JavaThread "build event listener" [_thread_blocked, id=9412, stack(0x000000b1ef000000,0x000000b1ef100000)]
  0x0000022382081800 JavaThread "ForkJoinPool.commonPool-worker-5" daemon [_thread_blocked, id=9012, stack(0x000000b1ef100000,0x000000b1ef200000)]
  0x0000022380db1000 JavaThread "ForkJoinPool.commonPool-worker-1" daemon [_thread_blocked, id=7664, stack(0x000000b1ef200000,0x000000b1ef300000)]
  0x0000022380daf000 JavaThread "Execution worker for ':'" [_thread_in_native, id=5172, stack(0x000000b1ef300000,0x000000b1ef400000)]
  0x0000022380dac800 JavaThread "Execution worker for ':' Thread 2" [_thread_blocked, id=9364, stack(0x000000b1ef400000,0x000000b1ef500000)]
  0x0000022380db3000 JavaThread "Execution worker for ':' Thread 3" [_thread_blocked, id=10012, stack(0x000000b1ef600000,0x000000b1ef700000)]
  0x0000022380db1800 JavaThread "Cache worker for execution history cache (C:\Users\Anjan Karmakar\IdeaProjects\Zookeeper\.gradle\7.3.3\executionHistory)" [_thread_blocked, id=4600, stack(0x000000b1ef700000,0x000000b1ef800000)]
  0x0000022380db2800 JavaThread "Unconstrained build operations Thread 36" [_thread_blocked, id=8464, stack(0x000000b1ef800000,0x000000b1ef900000)]
  0x0000022380dad800 JavaThread "Unconstrained build operations Thread 37" [_thread_blocked, id=7004, stack(0x000000b1efa00000,0x000000b1efb00000)]
  0x0000022380db0000 JavaThread "Unconstrained build operations Thread 38" [_thread_blocked, id=9080, stack(0x000000b1efb00000,0x000000b1efc00000)]
  0x0000022380dae800 JavaThread "Unconstrained build operations Thread 39" [_thread_blocked, id=1600, stack(0x000000b1efc00000,0x000000b1efd00000)]
  0x0000022380dba000 JavaThread "Unconstrained build operations Thread 40" [_thread_blocked, id=3888, stack(0x000000b1efd00000,0x000000b1efe00000)]

Other Threads:
  0x00000223fefbd000 VMThread "VM Thread" [stack: 0x000000b1ea500000,0x000000b1ea600000] [id=7184]
  0x00000223ffae7800 WatcherThread [stack: 0x000000b1eaf00000,0x000000b1eb000000] [id=4248]
  0x00000223e8b92800 GCTaskThread "GC Thread#0" [stack: 0x000000b1ea000000,0x000000b1ea100000] [id=7596]
  0x00000223ffb93800 GCTaskThread "GC Thread#1" [stack: 0x000000b1eb100000,0x000000b1eb200000] [id=7192]
  0x0000022380571000 GCTaskThread "GC Thread#2" [stack: 0x000000b1eb200000,0x000000b1eb300000] [id=7976]
  0x0000022380572000 GCTaskThread "GC Thread#3" [stack: 0x000000b1eb300000,0x000000b1eb400000] [id=8152]
  0x00000223e8ba7800 ConcurrentGCThread "G1 Main Marker" [stack: 0x000000b1ea100000,0x000000b1ea200000] [id=5432]
=>0x00000223e8ba9000 ConcurrentGCThread "G1 Conc#0" [stack: 0x000000b1ea200000,0x000000b1ea300000] [id=4768]
  0x00000223e8c5d800 ConcurrentGCThread "G1 Refine#0" [stack: 0x000000b1ea300000,0x000000b1ea400000] [id=2544]
  0x00000223fee56800 ConcurrentGCThread "G1 Young RemSet Sampling" [stack: 0x000000b1ea400000,0x000000b1ea500000] [id=1540]

Threads with active compile tasks:

VM state:not at safepoint (normal execution)

VM Mutex/Monitor currently owned by a thread: None

Heap address: 0x00000000e0000000, size: 512 MB, Compressed Oops mode: 32-bit
Narrow klass base: 0x0000000000000000, Narrow klass shift: 3
Compressed class space size: 260046848 Address: 0x0000000100000000

Heap:
 garbage-first heap   total 262144K, used 181699K [0x00000000e0000000, 0x0000000100000000)
  region size 1024K, 24 young (24576K), 6 survivors (6144K)
 Metaspace       used 103005K, capacity 106588K, committed 106916K, reserved 348160K
  class space    used 12761K, capacity 13998K, committed 14080K, reserved 253952K
Heap Regions: E=young(eden), S=young(survivor), O=old, HS=humongous(starts), HC=humongous(continues), CS=collection set, F=free, A=archive, TAMS=top-at-mark-start (previous, next)
|   0|0x00000000e0000000, 0x00000000e0100000, 0x00000000e0100000|100%|HS|  |TAMS 0x00000000e0100000, 0x00000000e0000000| Complete 
|   1|0x00000000e0100000, 0x00000000e0200000, 0x00000000e0200000|100%|HC|  |TAMS 0x00000000e0200000, 0x00000000e0100000| Complete 
|   2|0x00000000e0200000, 0x00000000e0300000, 0x00000000e0300000|100%|HC|  |TAMS 0x00000000e0300000, 0x00000000e0200000| Complete 
|   3|0x00000000e0300000, 0x00000000e0400000, 0x00000000e0400000|100%| O|  |TAMS 0x00000000e0400000, 0x00000000e0300000| Updating 
|   4|0x00000000e0400000, 0x00000000e0500000, 0x00000000e0500000|100%| O|  |TAMS 0x00000000e0500000, 0x00000000e0400000| Updating 
|   5|0x00000000e0500000, 0x00000000e0600000, 0x00000000e0600000|100%| O|  |TAMS 0x00000000e0600000, 0x00000000e0500000| Updating 
|   6|0x00000000e0600000, 0x00000000e0700000, 0x00000000e0700000|100%| O|  |TAMS 0x00000000e0700000, 0x00000000e0600000| Updating 
|   7|0x00000000e0700000, 0x00000000e0800000, 0x00000000e0800000|100%| O|  |TAMS 0x00000000e0800000, 0x00000000e0700000| Updating 
|   8|0x00000000e0800000, 0x00000000e0900000, 0x00000000e0900000|100%| O|  |TAMS 0x00000000e0900000, 0x00000000e0800000| Updating 
|   9|0x00000000e0900000, 0x00000000e0a00000, 0x00000000e0a00000|100%| O|  |TAMS 0x00000000e0a00000, 0x00000000e0900000| Updating 
|  10|0x00000000e0a00000, 0x00000000e0b00000, 0x00000000e0b00000|100%| O|  |TAMS 0x00000000e0b00000, 0x00000000e0a00000| Updating 
|  11|0x00000000e0b00000, 0x00000000e0c00000, 0x00000000e0c00000|100%| O|  |TAMS 0x00000000e0c00000, 0x00000000e0b00000| Updating 
|  12|0x00000000e0c00000, 0x00000000e0d00000, 0x00000000e0d00000|100%| O|  |TAMS 0x00000000e0d00000, 0x00000000e0c00000| Updating 
|  13|0x00000000e0d00000, 0x00000000e0e00000, 0x00000000e0e00000|100%| O|  |TAMS 0x00000000e0e00000, 0x00000000e0d00000| Updating 
|  14|0x00000000e0e00000, 0x00000000e0f00000, 0x00000000e0f00000|100%| O|  |TAMS 0x00000000e0f00000, 0x00000000e0e00000| Updating 
|  15|0x00000000e0f00000, 0x00000000e1000000, 0x00000000e1000000|100%| O|  |TAMS 0x00000000e1000000, 0x00000000e0f00000| Updating 
|  16|0x00000000e1000000, 0x00000000e1100000, 0x00000000e1100000|100%|HS|  |TAMS 0x00000000e1100000, 0x00000000e1000000| Complete 
|  17|0x00000000e1100000, 0x00000000e1200000, 0x00000000e1200000|100%|HC|  |TAMS 0x00000000e1200000, 0x00000000e1100000| Complete 
|  18|0x00000000e1200000, 0x00000000e1300000, 0x00000000e1300000|100%|HS|  |TAMS 0x00000000e1300000, 0x00000000e1200000| Complete 
|  19|0x00000000e1300000, 0x00000000e1400000, 0x00000000e1400000|100%|HC|  |TAMS 0x00000000e1400000, 0x00000000e1300000| Complete 
|  20|0x00000000e1400000, 0x00000000e1500000, 0x00000000e1500000|100%|HC|  |TAMS 0x00000000e1500000, 0x00000000e1400000| Complete 
|  21|0x00000000e1500000, 0x00000000e1600000, 0x00000000e1600000|100%|HS|  |TAMS 0x00000000e1600000, 0x00000000e1500000| Complete 
|  22|0x00000000e1600000, 0x00000000e1700000, 0x00000000e1700000|100%|HC|  |TAMS 0x00000000e1700000, 0x00000000e1600000| Complete 
|  23|0x00000000e1700000, 0x00000000e1800000, 0x00000000e1800000|100%|HC|  |TAMS 0x00000000e1800000, 0x00000000e1700000| Complete 
|  24|0x00000000e1800000, 0x00000000e1900000, 0x00000000e1900000|100%|HS|  |TAMS 0x00000000e1900000, 0x00000000e1800000| Complete 
|  25|0x00000000e1900000, 0x00000000e1a00000, 0x00000000e1a00000|100%|HC|  |TAMS 0x00000000e1a00000, 0x00000000e1900000| Complete 
|  26|0x00000000e1a00000, 0x00000000e1b00000, 0x00000000e1b00000|100%|HC|  |TAMS 0x00000000e1b00000, 0x00000000e1a00000| Complete 
|  27|0x00000000e1b00000, 0x00000000e1c00000, 0x00000000e1c00000|100%|HC|  |TAMS 0x00000000e1c00000, 0x00000000e1b00000| Complete 
|  28|0x00000000e1c00000, 0x00000000e1d00000, 0x00000000e1d00000|100%|HS|  |TAMS 0x00000000e1d00000, 0x00000000e1c00000| Complete 
|  29|0x00000000e1d00000, 0x00000000e1e00000, 0x00000000e1e00000|100%|HC|  |TAMS 0x00000000e1e00000, 0x00000000e1d00000| Complete 
|  30|0x00000000e1e00000, 0x00000000e1f00000, 0x00000000e1f00000|100%|HC|  |TAMS 0x00000000e1f00000, 0x00000000e1e00000| Complete 
|  31|0x00000000e1f00000, 0x00000000e2000000, 0x00000000e2000000|100%|HC|  |TAMS 0x00000000e2000000, 0x00000000e1f00000| Complete 
|  32|0x00000000e2000000, 0x00000000e2100000, 0x00000000e2100000|100%|HC|  |TAMS 0x00000000e2100000, 0x00000000e2000000| Complete 
|  33|0x00000000e2100000, 0x00000000e2200000, 0x00000000e2200000|100%|HS|  |TAMS 0x00000000e2200000, 0x00000000e2100000| Complete 
|  34|0x00000000e2200000, 0x00000000e2300000, 0x00000000e2300000|100%|HS|  |TAMS 0x00000000e2300000, 0x00000000e2200000| Complete 
|  35|0x00000000e2300000, 0x00000000e2400000, 0x00000000e2400000|100%| O|  |TAMS 0x00000000e2400000, 0x00000000e2300000| Updating 
|  36|0x00000000e2400000, 0x00000000e2500000, 0x00000000e2500000|100%| O|  |TAMS 0x00000000e2500000, 0x00000000e2400000| Updating 
|  37|0x00000000e2500000, 0x00000000e2600000, 0x00000000e2600000|100%| O|  |TAMS 0x00000000e2600000, 0x00000000e2500000| Updating 
|  38|0x00000000e2600000, 0x00000000e2700000, 0x00000000e2700000|100%| O|  |TAMS 0x00000000e2700000, 0x00000000e2600000| Updating 
|  39|0x00000000e2700000, 0x00000000e2800000, 0x00000000e2800000|100%| O|  |TAMS 0x00000000e2800000, 0x00000000e2700000| Updating 
|  40|0x00000000e2800000, 0x00000000e2900000, 0x00000000e2900000|100%| O|  |TAMS 0x00000000e2900000, 0x00000000e2800000| Updating 
|  41|0x00000000e2900000, 0x00000000e2a00000, 0x00000000e2a00000|100%|HS|  |TAMS 0x00000000e2a00000, 0x00000000e2900000| Complete 
|  42|0x00000000e2a00000, 0x00000000e2b00000, 0x00000000e2b00000|100%|HC|  |TAMS 0x00000000e2b00000, 0x00000000e2a00000| Complete 
|  43|0x00000000e2b00000, 0x00000000e2c00000, 0x00000000e2c00000|100%|HS|  |TAMS 0x00000000e2c00000, 0x00000000e2b00000| Complete 
|  44|0x00000000e2c00000, 0x00000000e2d00000, 0x00000000e2d00000|100%|HC|  |TAMS 0x00000000e2d00000, 0x00000000e2c00000| Complete 
|  45|0x00000000e2d00000, 0x00000000e2e00000, 0x00000000e2e00000|100%|HC|  |TAMS 0x00000000e2e00000, 0x00000000e2d00000| Complete 
|  46|0x00000000e2e00000, 0x00000000e2f00000, 0x00000000e2f00000|100%| O|  |TAMS 0x00000000e2f00000, 0x00000000e2e00000| Updating 
|  47|0x00000000e2f00000, 0x00000000e3000000, 0x00000000e3000000|100%| O|  |TAMS 0x00000000e3000000, 0x00000000e2f00000| Updating 
|  48|0x00000000e3000000, 0x00000000e3100000, 0x00000000e3100000|100%| O|  |TAMS 0x00000000e3100000, 0x00000000e3000000| Updating 
|  49|0x00000000e3100000, 0x00000000e3200000, 0x00000000e3200000|100%| O|  |TAMS 0x00000000e3200000, 0x00000000e3100000| Updating 
|  50|0x00000000e3200000, 0x00000000e3300000, 0x00000000e3300000|100%| O|  |TAMS 0x00000000e3300000, 0x00000000e3200000| Updating 
|  51|0x00000000e3300000, 0x00000000e3400000, 0x00000000e3400000|100%| O|  |TAMS 0x00000000e3400000, 0x00000000e3300000| Updating 
|  52|0x00000000e3400000, 0x00000000e3500000, 0x00000000e3500000|100%| O|  |TAMS 0x00000000e3500000, 0x00000000e3400000| Updating 
|  53|0x00000000e3500000, 0x00000000e3600000, 0x00000000e3600000|100%| O|  |TAMS 0x00000000e3600000, 0x00000000e3500000| Updating 
|  54|0x00000000e3600000, 0x00000000e3700000, 0x00000000e3700000|100%| O|  |TAMS 0x00000000e3700000, 0x00000000e3600000| Updating 
|  55|0x00000000e3700000, 0x00000000e3800000, 0x00000000e3800000|100%| O|  |TAMS 0x00000000e3800000, 0x00000000e3700000| Updating 
|  56|0x00000000e3800000, 0x00000000e3900000, 0x00000000e3900000|100%| O|  |TAMS 0x00000000e3900000, 0x00000000e3800000| Updating 
|  57|0x00000000e3900000, 0x00000000e3a00000, 0x00000000e3a00000|100%| O|  |TAMS 0x00000000e3a00000, 0x00000000e3900000| Updating 
|  58|0x00000000e3a00000, 0x00000000e3b00000, 0x00000000e3b00000|100%|HS|  |TAMS 0x00000000e3b00000, 0x00000000e3a00000| Complete 
|  59|0x00000000e3b00000, 0x00000000e3c00000, 0x00000000e3c00000|100%|HC|  |TAMS 0x00000000e3c00000, 0x00000000e3b00000| Complete 
|  60|0x00000000e3c00000, 0x00000000e3d00000, 0x00000000e3d00000|100%|HC|  |TAMS 0x00000000e3d00000, 0x00000000e3c00000| Complete 
|  61|0x00000000e3d00000, 0x00000000e3e00000, 0x00000000e3e00000|100%|HC|  |TAMS 0x00000000e3e00000, 0x00000000e3d00000| Complete 
|  62|0x00000000e3e00000, 0x00000000e3f00000, 0x00000000e3f00000|100%|HC|  |TAMS 0x00000000e3f00000, 0x00000000e3e00000| Complete 
|  63|0x00000000e3f00000, 0x00000000e4000000, 0x00000000e4000000|100%| O|  |TAMS 0x00000000e4000000, 0x00000000e3f00000| Updating 
|  64|0x00000000e4000000, 0x00000000e4100000, 0x00000000e4100000|100%| O|  |TAMS 0x00000000e4100000, 0x00000000e4000000| Updating 
|  65|0x00000000e4100000, 0x00000000e4200000, 0x00000000e4200000|100%| O|  |TAMS 0x00000000e4200000, 0x00000000e4100000| Updating 
|  66|0x00000000e4200000, 0x00000000e4300000, 0x00000000e4300000|100%| O|  |TAMS 0x00000000e4300000, 0x00000000e4200000| Updating 
|  67|0x00000000e4300000, 0x00000000e4400000, 0x00000000e4400000|100%|HS|  |TAMS 0x00000000e4400000, 0x00000000e4300000| Complete 
|  68|0x00000000e4400000, 0x00000000e4500000, 0x00000000e4500000|100%|HC|  |TAMS 0x00000000e4500000, 0x00000000e4400000| Complete 
|  69|0x00000000e4500000, 0x00000000e4600000, 0x00000000e4600000|100%|HC|  |TAMS 0x00000000e4600000, 0x00000000e4500000| Complete 
|  70|0x00000000e4600000, 0x00000000e4700000, 0x00000000e4700000|100%|HS|  |TAMS 0x00000000e4700000, 0x00000000e4600000| Complete 
|  71|0x00000000e4700000, 0x00000000e4800000, 0x00000000e4800000|100%|HC|  |TAMS 0x00000000e4800000, 0x00000000e4700000| Complete 
|  72|0x00000000e4800000, 0x00000000e4900000, 0x00000000e4900000|100%|HC|  |TAMS 0x00000000e4900000, 0x00000000e4800000| Complete 
|  73|0x00000000e4900000, 0x00000000e4a00000, 0x00000000e4a00000|100%|HC|  |TAMS 0x00000000e4a00000, 0x00000000e4900000| Complete 
|  74|0x00000000e4a00000, 0x00000000e4b00000, 0x00000000e4b00000|100%| O|  |TAMS 0x00000000e4b00000, 0x00000000e4a00000| Updating 
|  75|0x00000000e4b00000, 0x00000000e4c00000, 0x00000000e4c00000|100%| O|  |TAMS 0x00000000e4c00000, 0x00000000e4b00000| Updating 
|  76|0x00000000e4c00000, 0x00000000e4d00000, 0x00000000e4d00000|100%| O|  |TAMS 0x00000000e4d00000, 0x00000000e4c00000| Updating 
|  77|0x00000000e4d00000, 0x00000000e4e00000, 0x00000000e4e00000|100%| O|  |TAMS 0x00000000e4e00000, 0x00000000e4d00000| Updating 
|  78|0x00000000e4e00000, 0x00000000e4f00000, 0x00000000e4f00000|100%| O|  |TAMS 0x00000000e4f00000, 0x00000000e4e00000| Updating 
|  79|0x00000000e4f00000, 0x00000000e5000000, 0x00000000e5000000|100%| O|  |TAMS 0x00000000e5000000, 0x00000000e4f00000| Updating 
|  80|0x00000000e5000000, 0x00000000e5100000, 0x00000000e5100000|100%| O|  |TAMS 0x00000000e5100000, 0x00000000e5000000| Updating 
|  81|0x00000000e5100000, 0x00000000e5200000, 0x00000000e5200000|100%| O|  |TAMS 0x00000000e5200000, 0x00000000e5100000| Updating 
|  82|0x00000000e5200000, 0x00000000e5300000, 0x00000000e5300000|100%| O|  |TAMS 0x00000000e5300000, 0x00000000e5200000| Updating 
|  83|0x00000000e5300000, 0x00000000e5400000, 0x00000000e5400000|100%| O|  |TAMS 0x00000000e5400000, 0x00000000e5300000| Updating 
|  84|0x00000000e5400000, 0x00000000e5500000, 0x00000000e5500000|100%|HS|  |TAMS 0x00000000e5500000, 0x00000000e5400000| Complete 
|  85|0x00000000e5500000, 0x00000000e5600000, 0x00000000e5600000|100%|HC|  |TAMS 0x00000000e5600000, 0x00000000e5500000| Complete 
|  86|0x00000000e5600000, 0x00000000e5700000, 0x00000000e5700000|100%|HS|  |TAMS 0x00000000e5700000, 0x00000000e5600000| Complete 
|  87|0x00000000e5700000, 0x00000000e5800000, 0x00000000e5800000|100%| O|  |TAMS 0x00000000e5800000, 0x00000000e5700000| Updating 
|  88|0x00000000e5800000, 0x00000000e5900000, 0x00000000e5900000|100%| O|  |TAMS 0x00000000e5900000, 0x00000000e5800000| Updating 
|  89|0x00000000e5900000, 0x00000000e5a00000, 0x00000000e5a00000|100%| O|  |TAMS 0x00000000e5a00000, 0x00000000e5900000| Updating 
|  90|0x00000000e5a00000, 0x00000000e5b00000, 0x00000000e5b00000|100%| O|  |TAMS 0x00000000e5b00000, 0x00000000e5a00000| Updating 
|  91|0x00000000e5b00000, 0x00000000e5c00000, 0x00000000e5c00000|100%|HS|  |TAMS 0x00000000e5c00000, 0x00000000e5b00000| Complete 
|  92|0x00000000e5c00000, 0x00000000e5d00000, 0x00000000e5d00000|100%|HS|  |TAMS 0x00000000e5d00000, 0x00000000e5c00000| Complete 
|  93|0x00000000e5d00000, 0x00000000e5e00000, 0x00000000e5e00000|100%|HC|  |TAMS 0x00000000e5e00000, 0x00000000e5d00000| Complete 
|  94|0x00000000e5e00000, 0x00000000e5f00000, 0x00000000e5f00000|100%|HC|  |TAMS 0x00000000e5f00000, 0x00000000e5e00000| Complete 
|  95|0x00000000e5f00000, 0x00000000e6000000, 0x00000000e6000000|100%|HS|  |TAMS 0x00000000e6000000, 0x00000000e5f00000| Complete 
|  96|0x00000000e6000000, 0x00000000e6100000, 0x00000000e6100000|100%|HC|  |TAMS 0x00000000e6100000, 0x00000000e6000000| Complete 
|  97|0x00000000e6100000, 0x00000000e6200000, 0x00000000e6200000|100%|HC|  |TAMS 0x00000000e6200000, 0x00000000e6100000| Complete 
|  98|0x00000000e6200000, 0x00000000e6300000, 0x00000000e6300000|100%|HS|  |TAMS 0x00000000e6300000, 0x00000000e6200000| Complete 
|  99|0x00000000e6300000, 0x00000000e6400000, 0x00000000e6400000|100%|HC|  |TAMS 0x00000000e6400000, 0x00000000e6300000| Complete 
| 100|0x00000000e6400000, 0x00000000e6500000, 0x00000000e6500000|100%|HC|  |TAMS 0x00000000e6500000, 0x00000000e6400000| Complete 
| 101|0x00000000e6500000, 0x00000000e6600000, 0x00000000e6600000|100%|HS|  |TAMS 0x00000000e6600000, 0x00000000e6500000| Complete 
| 102|0x00000000e6600000, 0x00000000e6700000, 0x00000000e6700000|100%|HC|  |TAMS 0x00000000e6700000, 0x00000000e6600000| Complete 
| 103|0x00000000e6700000, 0x00000000e6800000, 0x00000000e6800000|100%|HC|  |TAMS 0x00000000e6800000, 0x00000000e6700000| Complete 
| 104|0x00000000e6800000, 0x00000000e6900000, 0x00000000e6900000|100%|HC|  |TAMS 0x00000000e6900000, 0x00000000e6800000| Complete 
| 105|0x00000000e6900000, 0x00000000e6a00000, 0x00000000e6a00000|100%|HS|  |TAMS 0x00000000e6a00000, 0x00000000e6900000| Complete 
| 106|0x00000000e6a00000, 0x00000000e6b00000, 0x00000000e6b00000|100%|HC|  |TAMS 0x00000000e6b00000, 0x00000000e6a00000| Complete 
| 107|0x00000000e6b00000, 0x00000000e6c00000, 0x00000000e6c00000|100%|HC|  |TAMS 0x00000000e6c00000, 0x00000000e6b00000| Complete 
| 108|0x00000000e6c00000, 0x00000000e6d00000, 0x00000000e6d00000|100%|HC|  |TAMS 0x00000000e6d00000, 0x00000000e6c00000| Complete 
| 109|0x00000000e6d00000, 0x00000000e6e00000, 0x00000000e6e00000|100%|HC|  |TAMS 0x00000000e6e00000, 0x00000000e6d00000| Complete 
| 110|0x00000000e6e00000, 0x00000000e6f00000, 0x00000000e6f00000|100%|HS|  |TAMS 0x00000000e6f00000, 0x00000000e6e00000| Complete 
| 111|0x00000000e6f00000, 0x00000000e7000000, 0x00000000e7000000|100%| O|  |TAMS 0x00000000e7000000, 0x00000000e6f00000| Updating 
| 112|0x00000000e7000000, 0x00000000e7100000, 0x00000000e7100000|100%| O|  |TAMS 0x00000000e7100000, 0x00000000e7000000| Updating 
| 113|0x00000000e7100000, 0x00000000e7200000, 0x00000000e7200000|100%| O|  |TAMS 0x00000000e7200000, 0x00000000e7100000| Updating 
| 114|0x00000000e7200000, 0x00000000e7300000, 0x00000000e7300000|100%| O|  |TAMS 0x00000000e7300000, 0x00000000e7200000| Updating 
| 115|0x00000000e7300000, 0x00000000e7400000, 0x00000000e7400000|100%| O|  |TAMS 0x00000000e7400000, 0x00000000e7300000| Updating 
| 116|0x00000000e7400000, 0x00000000e7500000, 0x00000000e7500000|100%| O|  |TAMS 0x00000000e7500000, 0x00000000e7400000| Updating 
| 117|0x00000000e7500000, 0x00000000e7600000, 0x00000000e7600000|100%| O|  |TAMS 0x00000000e7600000, 0x00000000e7500000| Updating 
| 118|0x00000000e7600000, 0x00000000e7700000, 0x00000000e7700000|100%| O|  |TAMS 0x00000000e7700000, 0x00000000e7600000| Updating 
| 119|0x00000000e7700000, 0x00000000e7800000, 0x00000000e7800000|100%| O|  |TAMS 0x00000000e7800000, 0x00000000e7700000| Updating 
| 120|0x00000000e7800000, 0x00000000e7900000, 0x00000000e7900000|100%| O|  |TAMS 0x00000000e7900000, 0x00000000e7800000| Updating 
| 121|0x00000000e7900000, 0x00000000e7a00000, 0x00000000e7a00000|100%| O|  |TAMS 0x00000000e7a00000, 0x00000000e7900000| Updating 
| 122|0x00000000e7a00000, 0x00000000e7b00000, 0x00000000e7b00000|100%| O|  |TAMS 0x00000000e7b00000, 0x00000000e7a00000| Updating 
| 123|0x00000000e7b00000, 0x00000000e7c00000, 0x00000000e7c00000|100%| O|  |TAMS 0x00000000e7c00000, 0x00000000e7b00000| Updating 
| 124|0x00000000e7c00000, 0x00000000e7d00000, 0x00000000e7d00000|100%| O|  |TAMS 0x00000000e7d00000, 0x00000000e7c00000| Updating 
| 125|0x00000000e7d00000, 0x00000000e7e00000, 0x00000000e7e00000|100%| O|  |TAMS 0x00000000e7e00000, 0x00000000e7d00000| Updating 
| 126|0x00000000e7e00000, 0x00000000e7f00000, 0x00000000e7f00000|100%| O|  |TAMS 0x00000000e7f00000, 0x00000000e7e00000| Updating 
| 127|0x00000000e7f00000, 0x00000000e8000000, 0x00000000e8000000|100%| O|  |TAMS 0x00000000e8000000, 0x00000000e7f00000| Updating 
| 128|0x00000000e8000000, 0x00000000e8100000, 0x00000000e8100000|100%| O|  |TAMS 0x00000000e8100000, 0x00000000e8000000| Updating 
| 129|0x00000000e8100000, 0x00000000e8200000, 0x00000000e8200000|100%| O|  |TAMS 0x00000000e8200000, 0x00000000e8100000| Updating 
| 130|0x00000000e8200000, 0x00000000e8300000, 0x00000000e8300000|100%| O|  |TAMS 0x00000000e8300000, 0x00000000e8200000| Updating 
| 131|0x00000000e8300000, 0x00000000e8400000, 0x00000000e8400000|100%| O|  |TAMS 0x00000000e8400000, 0x00000000e8300000| Updating 
| 132|0x00000000e8400000, 0x00000000e8400000, 0x00000000e8500000|  0%| F|  |TAMS 0x00000000e8400000, 0x00000000e8400000| Untracked 
| 133|0x00000000e8500000, 0x00000000e8600000, 0x00000000e8600000|100%| O|  |TAMS 0x00000000e8600000, 0x00000000e8500000| Updating 
| 134|0x00000000e8600000, 0x00000000e8700000, 0x00000000e8700000|100%| O|  |TAMS 0x00000000e8700000, 0x00000000e8600000| Updating 
| 135|0x00000000e8700000, 0x00000000e8800000, 0x00000000e8800000|100%| O|  |TAMS 0x00000000e8800000, 0x00000000e8700000| Updating 
| 136|0x00000000e8800000, 0x00000000e8900000, 0x00000000e8900000|100%| O|  |TAMS 0x00000000e8900000, 0x00000000e8800000| Updating 
| 137|0x00000000e8900000, 0x00000000e8a00000, 0x00000000e8a00000|100%|HS|  |TAMS 0x00000000e8a00000, 0x00000000e8900000| Complete 
| 138|0x00000000e8a00000, 0x00000000e8b00000, 0x00000000e8b00000|100%| O|  |TAMS 0x00000000e8b00000, 0x00000000e8a00000| Updating 
| 139|0x00000000e8b00000, 0x00000000e8c00000, 0x00000000e8c00000|100%| O|  |TAMS 0x00000000e8c00000, 0x00000000e8b00000| Updating 
| 140|0x00000000e8c00000, 0x00000000e8d00000, 0x00000000e8d00000|100%| O|  |TAMS 0x00000000e8d00000, 0x00000000e8c00000| Updating 
| 141|0x00000000e8d00000, 0x00000000e8e00000, 0x00000000e8e00000|100%| O|  |TAMS 0x00000000e8e00000, 0x00000000e8d00000| Updating 
| 142|0x00000000e8e00000, 0x00000000e8f00000, 0x00000000e8f00000|100%| O|  |TAMS 0x00000000e8f00000, 0x00000000e8e00000| Updating 
| 143|0x00000000e8f00000, 0x00000000e9000000, 0x00000000e9000000|100%| O|  |TAMS 0x00000000e9000000, 0x00000000e8f00000| Updating 
| 144|0x00000000e9000000, 0x00000000e9100000, 0x00000000e9100000|100%| O|  |TAMS 0x00000000e9100000, 0x00000000e9000000| Updating 
| 145|0x00000000e9100000, 0x00000000e9200000, 0x00000000e9200000|100%| O|  |TAMS 0x00000000e9200000, 0x00000000e9100000| Updating 
| 146|0x00000000e9200000, 0x00000000e9300000, 0x00000000e9300000|100%| O|  |TAMS 0x00000000e9300000, 0x00000000e9200000| Updating 
| 147|0x00000000e9300000, 0x00000000e9400000, 0x00000000e9400000|100%| O|  |TAMS 0x00000000e9400000, 0x00000000e9300000| Updating 
| 148|0x00000000e9400000, 0x00000000e9500000, 0x00000000e9500000|100%| O|  |TAMS 0x00000000e9500000, 0x00000000e9400000| Updating 
| 149|0x00000000e9500000, 0x00000000e9600000, 0x00000000e9600000|100%| O|  |TAMS 0x00000000e9600000, 0x00000000e9500000| Updating 
| 150|0x00000000e9600000, 0x00000000e9700000, 0x00000000e9700000|100%| O|  |TAMS 0x00000000e9700000, 0x00000000e9600000| Updating 
| 151|0x00000000e9700000, 0x00000000e9700000, 0x00000000e9800000|  0%| F|  |TAMS 0x00000000e9700000, 0x00000000e9700000| Untracked 
| 152|0x00000000e9800000, 0x00000000e9800000, 0x00000000e9900000|  0%| F|  |TAMS 0x00000000e9800000, 0x00000000e9800000| Untracked 
| 153|0x00000000e9900000, 0x00000000e9a00000, 0x00000000e9a00000|100%| O|  |TAMS 0x00000000e9a00000, 0x00000000e9900000| Updating 
| 154|0x00000000e9a00000, 0x00000000e9a00000, 0x00000000e9b00000|  0%| F|  |TAMS 0x00000000e9a00000, 0x00000000e9a00000| Untracked 
| 155|0x00000000e9b00000, 0x00000000e9b00000, 0x00000000e9c00000|  0%| F|  |TAMS 0x00000000e9b00000, 0x00000000e9b00000| Untracked 
| 156|0x00000000e9c00000, 0x00000000e9c00000, 0x00000000e9d00000|  0%| F|  |TAMS 0x00000000e9c00000, 0x00000000e9c00000| Untracked 
| 157|0x00000000e9d00000, 0x00000000e9e00000, 0x00000000e9e00000|100%| O|  |TAMS 0x00000000e9e00000, 0x00000000e9d00000| Updating 
| 158|0x00000000e9e00000, 0x00000000e9f00000, 0x00000000e9f00000|100%| O|  |TAMS 0x00000000e9f00000, 0x00000000e9e00000| Updating 
| 159|0x00000000e9f00000, 0x00000000ea000000, 0x00000000ea000000|100%| O|  |TAMS 0x00000000ea000000, 0x00000000e9f00000| Updating 
| 160|0x00000000ea000000, 0x00000000ea100000, 0x00000000ea100000|100%| O|  |TAMS 0x00000000ea100000, 0x00000000ea000000| Updating 
| 161|0x00000000ea100000, 0x00000000ea200000, 0x00000000ea200000|100%| O|  |TAMS 0x00000000ea200000, 0x00000000ea100000| Updating 
| 162|0x00000000ea200000, 0x00000000ea243000, 0x00000000ea300000| 26%| O|  |TAMS 0x00000000ea243000, 0x00000000ea200000| Updating 
| 163|0x00000000ea300000, 0x00000000ea300000, 0x00000000ea400000|  0%| F|  |TAMS 0x00000000ea300000, 0x00000000ea300000| Untracked 
| 164|0x00000000ea400000, 0x00000000ea400000, 0x00000000ea500000|  0%| F|  |TAMS 0x00000000ea400000, 0x00000000ea400000| Untracked 
| 165|0x00000000ea500000, 0x00000000ea500000, 0x00000000ea600000|  0%| F|  |TAMS 0x00000000ea500000, 0x00000000ea500000| Untracked 
| 166|0x00000000ea600000, 0x00000000ea600000, 0x00000000ea700000|  0%| F|  |TAMS 0x00000000ea600000, 0x00000000ea600000| Untracked 
| 167|0x00000000ea700000, 0x00000000ea700000, 0x00000000ea800000|  0%| F|  |TAMS 0x00000000ea700000, 0x00000000ea700000| Untracked 
| 168|0x00000000ea800000, 0x00000000ea800000, 0x00000000ea900000|  0%| F|  |TAMS 0x00000000ea800000, 0x00000000ea800000| Untracked 
| 169|0x00000000ea900000, 0x00000000ea900000, 0x00000000eaa00000|  0%| F|  |TAMS 0x00000000ea900000, 0x00000000ea900000| Untracked 
| 170|0x00000000eaa00000, 0x00000000eaa00000, 0x00000000eab00000|  0%| F|  |TAMS 0x00000000eaa00000, 0x00000000eaa00000| Untracked 
| 171|0x00000000eab00000, 0x00000000eab00000, 0x00000000eac00000|  0%| F|  |TAMS 0x00000000eab00000, 0x00000000eab00000| Untracked 
| 172|0x00000000eac00000, 0x00000000eac00000, 0x00000000ead00000|  0%| F|  |TAMS 0x00000000eac00000, 0x00000000eac00000| Untracked 
| 173|0x00000000ead00000, 0x00000000ead00000, 0x00000000eae00000|  0%| F|  |TAMS 0x00000000ead00000, 0x00000000ead00000| Untracked 
| 174|0x00000000eae00000, 0x00000000eae00000, 0x00000000eaf00000|  0%| F|  |TAMS 0x00000000eae00000, 0x00000000eae00000| Untracked 
| 175|0x00000000eaf00000, 0x00000000eaf00000, 0x00000000eb000000|  0%| F|  |TAMS 0x00000000eaf00000, 0x00000000eaf00000| Untracked 
| 176|0x00000000eb000000, 0x00000000eb000000, 0x00000000eb100000|  0%| F|  |TAMS 0x00000000eb000000, 0x00000000eb000000| Untracked 
| 177|0x00000000eb100000, 0x00000000eb100000, 0x00000000eb200000|  0%| F|  |TAMS 0x00000000eb100000, 0x00000000eb100000| Untracked 
| 178|0x00000000eb200000, 0x00000000eb200000, 0x00000000eb300000|  0%| F|  |TAMS 0x00000000eb200000, 0x00000000eb200000| Untracked 
| 179|0x00000000eb300000, 0x00000000eb300000, 0x00000000eb400000|  0%| F|  |TAMS 0x00000000eb300000, 0x00000000eb300000| Untracked 
| 180|0x00000000eb400000, 0x00000000eb400000, 0x00000000eb500000|  0%| F|  |TAMS 0x00000000eb400000, 0x00000000eb400000| Untracked 
| 181|0x00000000eb500000, 0x00000000eb500000, 0x00000000eb600000|  0%| F|  |TAMS 0x00000000eb500000, 0x00000000eb500000| Untracked 
| 182|0x00000000eb600000, 0x00000000eb600000, 0x00000000eb700000|  0%| F|  |TAMS 0x00000000eb600000, 0x00000000eb600000| Untracked 
| 183|0x00000000eb700000, 0x00000000eb700000, 0x00000000eb800000|  0%| F|  |TAMS 0x00000000eb700000, 0x00000000eb700000| Untracked 
| 184|0x00000000eb800000, 0x00000000eb800000, 0x00000000eb900000|  0%| F|  |TAMS 0x00000000eb800000, 0x00000000eb800000| Untracked 
| 185|0x00000000eb900000, 0x00000000eb900000, 0x00000000eba00000|  0%| F|  |TAMS 0x00000000eb900000, 0x00000000eb900000| Untracked 
| 186|0x00000000eba00000, 0x00000000eba00000, 0x00000000ebb00000|  0%| F|  |TAMS 0x00000000eba00000, 0x00000000eba00000| Untracked 
| 187|0x00000000ebb00000, 0x00000000ebb2dfc8, 0x00000000ebc00000| 17%| S|CS|TAMS 0x00000000ebb00000, 0x00000000ebb00000| Complete 
| 188|0x00000000ebc00000, 0x00000000ebd00000, 0x00000000ebd00000|100%| S|CS|TAMS 0x00000000ebc00000, 0x00000000ebc00000| Complete 
| 189|0x00000000ebd00000, 0x00000000ebd00000, 0x00000000ebe00000|  0%| F|  |TAMS 0x00000000ebd00000, 0x00000000ebd00000| Untracked 
| 190|0x00000000ebe00000, 0x00000000ebf00000, 0x00000000ebf00000|100%| S|CS|TAMS 0x00000000ebe00000, 0x00000000ebe00000| Complete 
| 191|0x00000000ebf00000, 0x00000000ec000000, 0x00000000ec000000|100%| S|CS|TAMS 0x00000000ebf00000, 0x00000000ebf00000| Complete 
| 192|0x00000000ec000000, 0x00000000ec000000, 0x00000000ec100000|  0%| F|  |TAMS 0x00000000ec000000, 0x00000000ec000000| Untracked 
| 193|0x00000000ec100000, 0x00000000ec100000, 0x00000000ec200000|  0%| F|  |TAMS 0x00000000ec100000, 0x00000000ec100000| Untracked 
| 194|0x00000000ec200000, 0x00000000ec300000, 0x00000000ec300000|100%| S|CS|TAMS 0x00000000ec200000, 0x00000000ec200000| Complete 
| 195|0x00000000ec300000, 0x00000000ec400000, 0x00000000ec400000|100%| S|CS|TAMS 0x00000000ec300000, 0x00000000ec300000| Complete 
| 196|0x00000000ec400000, 0x00000000ec400000, 0x00000000ec500000|  0%| F|  |TAMS 0x00000000ec400000, 0x00000000ec400000| Untracked 
| 197|0x00000000ec500000, 0x00000000ec500000, 0x00000000ec600000|  0%| F|  |TAMS 0x00000000ec500000, 0x00000000ec500000| Untracked 
| 198|0x00000000ec600000, 0x00000000ec600000, 0x00000000ec700000|  0%| F|  |TAMS 0x00000000ec600000, 0x00000000ec600000| Untracked 
| 199|0x00000000ec700000, 0x00000000ec700000, 0x00000000ec800000|  0%| F|  |TAMS 0x00000000ec700000, 0x00000000ec700000| Untracked 
| 200|0x00000000ec800000, 0x00000000ec800000, 0x00000000ec900000|  0%| F|  |TAMS 0x00000000ec800000, 0x00000000ec800000| Untracked 
| 201|0x00000000ec900000, 0x00000000ec900000, 0x00000000eca00000|  0%| F|  |TAMS 0x00000000ec900000, 0x00000000ec900000| Untracked 
| 202|0x00000000eca00000, 0x00000000eca00000, 0x00000000ecb00000|  0%| F|  |TAMS 0x00000000eca00000, 0x00000000eca00000| Untracked 
| 203|0x00000000ecb00000, 0x00000000ecb00000, 0x00000000ecc00000|  0%| F|  |TAMS 0x00000000ecb00000, 0x00000000ecb00000| Untracked 
| 204|0x00000000ecc00000, 0x00000000ecc00000, 0x00000000ecd00000|  0%| F|  |TAMS 0x00000000ecc00000, 0x00000000ecc00000| Untracked 
| 205|0x00000000ecd00000, 0x00000000ecd00000, 0x00000000ece00000|  0%| F|  |TAMS 0x00000000ecd00000, 0x00000000ecd00000| Untracked 
| 206|0x00000000ece00000, 0x00000000ece00000, 0x00000000ecf00000|  0%| F|  |TAMS 0x00000000ece00000, 0x00000000ece00000| Untracked 
| 207|0x00000000ecf00000, 0x00000000ecf00000, 0x00000000ed000000|  0%| F|  |TAMS 0x00000000ecf00000, 0x00000000ecf00000| Untracked 
| 208|0x00000000ed000000, 0x00000000ed000000, 0x00000000ed100000|  0%| F|  |TAMS 0x00000000ed000000, 0x00000000ed000000| Untracked 
| 209|0x00000000ed100000, 0x00000000ed100000, 0x00000000ed200000|  0%| F|  |TAMS 0x00000000ed100000, 0x00000000ed100000| Untracked 
| 210|0x00000000ed200000, 0x00000000ed200000, 0x00000000ed300000|  0%| F|  |TAMS 0x00000000ed200000, 0x00000000ed200000| Untracked 
| 211|0x00000000ed300000, 0x00000000ed300000, 0x00000000ed400000|  0%| F|  |TAMS 0x00000000ed300000, 0x00000000ed300000| Untracked 
| 212|0x00000000ed400000, 0x00000000ed400000, 0x00000000ed500000|  0%| F|  |TAMS 0x00000000ed400000, 0x00000000ed400000| Untracked 
| 213|0x00000000ed500000, 0x00000000ed500000, 0x00000000ed600000|  0%| F|  |TAMS 0x00000000ed500000, 0x00000000ed500000| Untracked 
| 214|0x00000000ed600000, 0x00000000ed600000, 0x00000000ed700000|  0%| F|  |TAMS 0x00000000ed600000, 0x00000000ed600000| Untracked 
| 215|0x00000000ed700000, 0x00000000ed700000, 0x00000000ed800000|  0%| F|  |TAMS 0x00000000ed700000, 0x00000000ed700000| Untracked 
| 216|0x00000000ed800000, 0x00000000ed800000, 0x00000000ed900000|  0%| F|  |TAMS 0x00000000ed800000, 0x00000000ed800000| Untracked 
| 217|0x00000000ed900000, 0x00000000ed900000, 0x00000000eda00000|  0%| F|  |TAMS 0x00000000ed900000, 0x00000000ed900000| Untracked 
| 218|0x00000000eda00000, 0x00000000eda00000, 0x00000000edb00000|  0%| F|  |TAMS 0x00000000eda00000, 0x00000000eda00000| Untracked 
| 219|0x00000000edb00000, 0x00000000edb00000, 0x00000000edc00000|  0%| F|  |TAMS 0x00000000edb00000, 0x00000000edb00000| Untracked 
| 220|0x00000000edc00000, 0x00000000edc00000, 0x00000000edd00000|  0%| F|  |TAMS 0x00000000edc00000, 0x00000000edc00000| Untracked 
| 221|0x00000000edd00000, 0x00000000edd00000, 0x00000000ede00000|  0%| F|  |TAMS 0x00000000edd00000, 0x00000000edd00000| Untracked 
| 222|0x00000000ede00000, 0x00000000ede00000, 0x00000000edf00000|  0%| F|  |TAMS 0x00000000ede00000, 0x00000000ede00000| Untracked 
| 223|0x00000000edf00000, 0x00000000edf00000, 0x00000000ee000000|  0%| F|  |TAMS 0x00000000edf00000, 0x00000000edf00000| Untracked 
| 224|0x00000000ee000000, 0x00000000ee000000, 0x00000000ee100000|  0%| F|  |TAMS 0x00000000ee000000, 0x00000000ee000000| Untracked 
| 225|0x00000000ee100000, 0x00000000ee100000, 0x00000000ee200000|  0%| F|  |TAMS 0x00000000ee100000, 0x00000000ee100000| Untracked 
| 226|0x00000000ee200000, 0x00000000ee200000, 0x00000000ee300000|  0%| F|  |TAMS 0x00000000ee200000, 0x00000000ee200000| Untracked 
| 227|0x00000000ee300000, 0x00000000ee300000, 0x00000000ee400000|  0%| F|  |TAMS 0x00000000ee300000, 0x00000000ee300000| Untracked 
| 228|0x00000000ee400000, 0x00000000ee400000, 0x00000000ee500000|  0%| F|  |TAMS 0x00000000ee400000, 0x00000000ee400000| Untracked 
| 229|0x00000000ee500000, 0x00000000ee500000, 0x00000000ee600000|  0%| F|  |TAMS 0x00000000ee500000, 0x00000000ee500000| Untracked 
| 230|0x00000000ee600000, 0x00000000ee600000, 0x00000000ee700000|  0%| F|  |TAMS 0x00000000ee600000, 0x00000000ee600000| Untracked 
| 231|0x00000000ee700000, 0x00000000ee700000, 0x00000000ee800000|  0%| F|  |TAMS 0x00000000ee700000, 0x00000000ee700000| Untracked 
| 232|0x00000000ee800000, 0x00000000ee800000, 0x00000000ee900000|  0%| F|  |TAMS 0x00000000ee800000, 0x00000000ee800000| Untracked 
| 233|0x00000000ee900000, 0x00000000ee900000, 0x00000000eea00000|  0%| F|  |TAMS 0x00000000ee900000, 0x00000000ee900000| Untracked 
| 234|0x00000000eea00000, 0x00000000eea00000, 0x00000000eeb00000|  0%| F|  |TAMS 0x00000000eea00000, 0x00000000eea00000| Untracked 
| 235|0x00000000eeb00000, 0x00000000eeb00000, 0x00000000eec00000|  0%| F|  |TAMS 0x00000000eeb00000, 0x00000000eeb00000| Untracked 
| 236|0x00000000eec00000, 0x00000000eec00000, 0x00000000eed00000|  0%| F|  |TAMS 0x00000000eec00000, 0x00000000eec00000| Untracked 
| 237|0x00000000eed00000, 0x00000000eee00000, 0x00000000eee00000|100%| E|  |TAMS 0x00000000eed00000, 0x00000000eed00000| Complete 
| 238|0x00000000eee00000, 0x00000000eef00000, 0x00000000eef00000|100%| E|CS|TAMS 0x00000000eee00000, 0x00000000eee00000| Complete 
| 239|0x00000000eef00000, 0x00000000ef000000, 0x00000000ef000000|100%| E|CS|TAMS 0x00000000eef00000, 0x00000000eef00000| Complete 
| 240|0x00000000ef000000, 0x00000000ef100000, 0x00000000ef100000|100%| E|CS|TAMS 0x00000000ef000000, 0x00000000ef000000| Complete 
| 241|0x00000000ef100000, 0x00000000ef200000, 0x00000000ef200000|100%| E|CS|TAMS 0x00000000ef100000, 0x00000000ef100000| Complete 
| 242|0x00000000ef200000, 0x00000000ef300000, 0x00000000ef300000|100%| E|CS|TAMS 0x00000000ef200000, 0x00000000ef200000| Complete 
| 243|0x00000000ef300000, 0x00000000ef400000, 0x00000000ef400000|100%| E|CS|TAMS 0x00000000ef300000, 0x00000000ef300000| Complete 
| 244|0x00000000ef400000, 0x00000000ef500000, 0x00000000ef500000|100%| E|CS|TAMS 0x00000000ef400000, 0x00000000ef400000| Complete 
| 245|0x00000000ef500000, 0x00000000ef600000, 0x00000000ef600000|100%| E|CS|TAMS 0x00000000ef500000, 0x00000000ef500000| Complete 
| 246|0x00000000ef600000, 0x00000000ef700000, 0x00000000ef700000|100%| E|CS|TAMS 0x00000000ef600000, 0x00000000ef600000| Complete 
| 247|0x00000000ef700000, 0x00000000ef800000, 0x00000000ef800000|100%| E|CS|TAMS 0x00000000ef700000, 0x00000000ef700000| Complete 
| 248|0x00000000ef800000, 0x00000000ef900000, 0x00000000ef900000|100%| E|CS|TAMS 0x00000000ef800000, 0x00000000ef800000| Complete 
| 249|0x00000000ef900000, 0x00000000efa00000, 0x00000000efa00000|100%| E|CS|TAMS 0x00000000ef900000, 0x00000000ef900000| Complete 
| 250|0x00000000efa00000, 0x00000000efb00000, 0x00000000efb00000|100%| E|CS|TAMS 0x00000000efa00000, 0x00000000efa00000| Complete 
| 251|0x00000000efb00000, 0x00000000efc00000, 0x00000000efc00000|100%| E|CS|TAMS 0x00000000efb00000, 0x00000000efb00000| Complete 
| 252|0x00000000efc00000, 0x00000000efd00000, 0x00000000efd00000|100%| E|CS|TAMS 0x00000000efc00000, 0x00000000efc00000| Complete 
| 253|0x00000000efd00000, 0x00000000efe00000, 0x00000000efe00000|100%| E|CS|TAMS 0x00000000efd00000, 0x00000000efd00000| Complete 
| 254|0x00000000efe00000, 0x00000000eff00000, 0x00000000eff00000|100%| E|CS|TAMS 0x00000000efe00000, 0x00000000efe00000| Complete 
| 255|0x00000000eff00000, 0x00000000f0000000, 0x00000000f0000000|100%| E|CS|TAMS 0x00000000eff00000, 0x00000000eff00000| Complete 

Card table byte_map: [0x00000223fb7d0000,0x00000223fb8d0000] _byte_map_base: 0x00000223fb0d0000

Marking Bits (Prev, Next): (CMBitMap*) 0x00000223e8ba48b0, (CMBitMap*) 0x00000223e8ba4878
 Prev Bits: [0x00000223fc1d0000, 0x00000223fc9d0000)
 Next Bits: [0x00000223fb9d0000, 0x00000223fc1d0000)

Polling page: 0x00000223e6b50000

Metaspace:

Usage:
  Non-class:     90.42 MB capacity,    88.13 MB ( 97%) used,     1.96 MB (  2%) free+waste,   335.50 KB ( <1%) overhead. 
      Class:     13.67 MB capacity,    12.46 MB ( 91%) used,     1.06 MB (  8%) free+waste,   153.75 KB (  1%) overhead. 
       Both:    104.09 MB capacity,   100.59 MB ( 97%) used,     3.02 MB (  3%) free+waste,   489.25 KB ( <1%) overhead. 

Virtual space:
  Non-class space:       92.00 MB reserved,      90.66 MB ( 99%) committed 
      Class space:      248.00 MB reserved,      13.75 MB (  6%) committed 
             Both:      340.00 MB reserved,     104.41 MB ( 31%) committed 

Chunk freelists:
   Non-Class:  182.00 KB
       Class:  50.00 KB
        Both:  232.00 KB

MaxMetaspaceSize: 256.00 MB
CompressedClassSpaceSize: 248.00 MB
Initial GC threshold: 20.80 MB
Current GC threshold: 174.02 MB
CDS: off

CodeHeap 'non-profiled nmethods': size=120064Kb used=11526Kb max_used=11526Kb free=108537Kb
 bounds [0x00000223f4290000, 0x00000223f4de0000, 0x00000223fb7d0000]
CodeHeap 'profiled nmethods': size=120000Kb used=37492Kb max_used=37492Kb free=82507Kb
 bounds [0x00000223ecd60000, 0x00000223ef200000, 0x00000223f4290000]
CodeHeap 'non-nmethods': size=5696Kb used=2417Kb max_used=2508Kb free=3278Kb
 bounds [0x00000223ec7d0000, 0x00000223eca50000, 0x00000223ecd60000]
 total_blobs=17021 nmethods=16074 adapters=856
 compilation: enabled
              stopped_count=0, restarted_count=0
 full_count=0

Compilation events (20 events):
Event: 721.139 Thread 0x00000223ff00b800 nmethod 16150 0x00000223f4dc8410 code [0x00000223f4dc8720, 0x00000223f4dc9950]
Event: 721.139 Thread 0x00000223ff00b800 16156       4       org.gradle.api.internal.changedetection.state.PropertiesFileAwareClasspathResourceHasher$$Lambda$560/0x000000010068b440::test (12 bytes)
Event: 721.141 Thread 0x00000223ff00b800 nmethod 16156 0x00000223f4dca510 code [0x00000223f4dca6e0, 0x00000223f4dca898]
Event: 721.141 Thread 0x00000223ff00b800 16157       4       org.gradle.api.internal.changedetection.state.DefaultZipEntryContext$ZipEntryRelativePath::get (5 bytes)
Event: 721.142 Thread 0x00000223ff00b800 nmethod 16157 0x00000223f4dcab10 code [0x00000223f4dcacc0, 0x00000223f4dcada8]
Event: 721.142 Thread 0x00000223ff00b800 16158       4       com.google.common.collect.ImmutableCollection::spliterator (8 bytes)
Event: 721.144 Thread 0x00000223ff00b800 nmethod 16158 0x00000223f4dcaf10 code [0x00000223f4dcb0a0, 0x00000223f4dcb238]
Event: 721.151 Thread 0x00000223822ae800 nmethod 16155 0x00000223f4dcb310 code [0x00000223f4dcb540, 0x00000223f4dcc320]
Event: 721.261 Thread 0x00000223ff00b800 16159       4       java.util.stream.ReferencePipeline::collect (124 bytes)
Event: 721.273 Thread 0x00000223ff00b800 nmethod 16159 0x00000223f4dccc10 code [0x00000223f4dcce80, 0x00000223f4dcd750]
Event: 721.326 Thread 0x00000223ff00b800 16160       4       java.util.stream.StreamOpFlag::fromCharacteristics (37 bytes)
Event: 721.327 Thread 0x00000223ff00b800 nmethod 16160 0x00000223f4dce010 code [0x00000223f4dce1a0, 0x00000223f4dce238]
Event: 721.379 Thread 0x00000223ff00b800 16161       4       java.util.Collection::stream (11 bytes)
Event: 721.383 Thread 0x00000223ff00b800 nmethod 16161 0x00000223f4dce310 code [0x00000223f4dce4c0, 0x00000223f4dce838]
Event: 721.418 Thread 0x00000223ff00b800 16162       4       org.gradle.api.internal.changedetection.state.PropertiesFileAwareClasspathResourceHasher::matchingFiltersFor (88 bytes)
Event: 721.443 Thread 0x00000223ff00b800 nmethod 16162 0x00000223f4dcea10 code [0x00000223f4dceca0, 0x00000223f4dd0348]
Event: 721.443 Thread 0x00000223ff00b800 16163   !   4       org.gradle.api.internal.changedetection.state.PropertiesFileAwareClasspathResourceHasher::hash (112 bytes)
Event: 721.449 Thread 0x00000223ff00b800 nmethod 16163 0x00000223f4dd0b90 code [0x00000223f4dd0e00, 0x00000223f4dd13d0]
Event: 722.131 Thread 0x00000223ff00f000 16164       3       com.google.common.collect.AbstractIterator::endOfData (9 bytes)
Event: 722.131 Thread 0x00000223ff00f000 nmethod 16164 0x00000223ef1fc210 code [0x00000223ef1fc3c0, 0x00000223ef1fc518]

GC Heap History (20 events):
Event: 717.401 GC heap before
{Heap before GC invocations=52 (full 0):
 garbage-first heap   total 262144K, used 161101K [0x00000000e0000000, 0x0000000100000000)
  region size 1024K, 12 young (12288K), 8 survivors (8192K)
 Metaspace       used 101764K, capacity 105165K, committed 105764K, reserved 346112K
  class space    used 12631K, capacity 13816K, committed 13952K, reserved 253952K
}
Event: 717.415 GC heap after
{Heap after GC invocations=53 (full 0):
 garbage-first heap   total 262144K, used 157608K [0x00000000e0000000, 0x0000000100000000)
  region size 1024K, 2 young (2048K), 2 survivors (2048K)
 Metaspace       used 101764K, capacity 105165K, committed 105764K, reserved 346112K
  class space    used 12631K, capacity 13816K, committed 13952K, reserved 253952K
}
Event: 720.331 GC heap before
{Heap before GC invocations=53 (full 0):
 garbage-first heap   total 262144K, used 218024K [0x00000000e0000000, 0x0000000100000000)
  region size 1024K, 62 young (63488K), 2 survivors (2048K)
 Metaspace       used 102608K, capacity 106151K, committed 106276K, reserved 348160K
  class space    used 12697K, capacity 13897K, committed 13952K, reserved 253952K
}
Event: 720.339 GC heap after
{Heap after GC invocations=54 (full 0):
 garbage-first heap   total 262144K, used 159796K [0x00000000e0000000, 0x0000000100000000)
  region size 1024K, 5 young (5120K), 5 survivors (5120K)
 Metaspace       used 102608K, capacity 106151K, committed 106276K, reserved 348160K
  class space    used 12697K, capacity 13897K, committed 13952K, reserved 253952K
}
Event: 720.807 GC heap before
{Heap before GC invocations=55 (full 0):
 garbage-first heap   total 262144K, used 222260K [0x00000000e0000000, 0x0000000100000000)
  region size 1024K, 64 young (65536K), 5 survivors (5120K)
 Metaspace       used 103161K, capacity 106774K, committed 106916K, reserved 348160K
  class space    used 12793K, capacity 14039K, committed 14080K, reserved 253952K
}
Event: 720.815 GC heap after
{Heap after GC invocations=56 (full 0):
 garbage-first heap   total 262144K, used 164971K [0x00000000e0000000, 0x0000000100000000)
  region size 1024K, 7 young (7168K), 7 survivors (7168K)
 Metaspace       used 103161K, capacity 106774K, committed 106916K, reserved 348160K
  class space    used 12793K, capacity 14039K, committed 14080K, reserved 253952K
}
Event: 720.832 GC heap before
{Heap before GC invocations=56 (full 0):
 garbage-first heap   total 262144K, used 169067K [0x00000000e0000000, 0x0000000100000000)
  region size 1024K, 12 young (12288K), 7 survivors (7168K)
 Metaspace       used 103161K, capacity 106774K, committed 106916K, reserved 348160K
  class space    used 12793K, capacity 14039K, committed 14080K, reserved 253952K
}
Event: 720.841 GC heap after
{Heap after GC invocations=57 (full 0):
 garbage-first heap   total 262144K, used 163866K [0x00000000e0000000, 0x0000000100000000)
  region size 1024K, 1 young (1024K), 1 survivors (1024K)
 Metaspace       used 103161K, capacity 106774K, committed 106916K, reserved 348160K
  class space    used 12793K, capacity 14039K, committed 14080K, reserved 253952K
}
Event: 721.063 GC heap before
{Heap before GC invocations=57 (full 0):
 garbage-first heap   total 262144K, used 222234K [0x00000000e0000000, 0x0000000100000000)
  region size 1024K, 58 young (59392K), 1 survivors (1024K)
 Metaspace       used 103167K, capacity 106778K, committed 106916K, reserved 348160K
  class space    used 12793K, capacity 14039K, committed 14080K, reserved 253952K
}
Event: 721.069 GC heap after
{Heap after GC invocations=58 (full 0):
 garbage-first heap   total 262144K, used 164105K [0x00000000e0000000, 0x0000000100000000)
  region size 1024K, 1 young (1024K), 1 survivors (1024K)
 Metaspace       used 103167K, capacity 106778K, committed 106916K, reserved 348160K
  class space    used 12793K, capacity 14039K, committed 14080K, reserved 253952K
}
Event: 721.343 GC heap before
{Heap before GC invocations=59 (full 0):
 garbage-first heap   total 262144K, used 224521K [0x00000000e0000000, 0x0000000100000000)
  region size 1024K, 60 young (61440K), 1 survivors (1024K)
 Metaspace       used 103005K, capacity 106588K, committed 106916K, reserved 348160K
  class space    used 12761K, capacity 13998K, committed 14080K, reserved 253952K
}
Event: 721.345 GC heap after
{Heap after GC invocations=60 (full 0):
 garbage-first heap   total 262144K, used 164784K [0x00000000e0000000, 0x0000000100000000)
  region size 1024K, 2 young (2048K), 2 survivors (2048K)
 Metaspace       used 103005K, capacity 106588K, committed 106916K, reserved 348160K
  class space    used 12761K, capacity 13998K, committed 14080K, reserved 253952K
}
Event: 721.561 GC heap before
{Heap before GC invocations=60 (full 0):
 garbage-first heap   total 262144K, used 225200K [0x00000000e0000000, 0x0000000100000000)
  region size 1024K, 61 young (62464K), 2 survivors (2048K)
 Metaspace       used 103005K, capacity 106588K, committed 106916K, reserved 348160K
  class space    used 12761K, capacity 13998K, committed 14080K, reserved 253952K
}
Event: 721.563 GC heap after
{Heap after GC invocations=61 (full 0):
 garbage-first heap   total 262144K, used 165635K [0x00000000e0000000, 0x0000000100000000)
  region size 1024K, 3 young (3072K), 3 survivors (3072K)
 Metaspace       used 103005K, capacity 106588K, committed 106916K, reserved 348160K
  class space    used 12761K, capacity 13998K, committed 14080K, reserved 253952K
}
Event: 721.776 GC heap before
{Heap before GC invocations=62 (full 0):
 garbage-first heap   total 262144K, used 226051K [0x00000000e0000000, 0x0000000100000000)
  region size 1024K, 62 young (63488K), 3 survivors (3072K)
 Metaspace       used 103005K, capacity 106588K, committed 106916K, reserved 348160K
  class space    used 12761K, capacity 13998K, committed 14080K, reserved 253952K
}
Event: 721.778 GC heap after
{Heap after GC invocations=63 (full 0):
 garbage-first heap   total 262144K, used 166478K [0x00000000e0000000, 0x0000000100000000)
  region size 1024K, 4 young (4096K), 4 survivors (4096K)
 Metaspace       used 103005K, capacity 106588K, committed 106916K, reserved 348160K
  class space    used 12761K, capacity 13998K, committed 14080K, reserved 253952K
}
Event: 721.976 GC heap before
{Heap before GC invocations=63 (full 0):
 garbage-first heap   total 262144K, used 226894K [0x00000000e0000000, 0x0000000100000000)
  region size 1024K, 63 young (64512K), 4 survivors (4096K)
 Metaspace       used 103005K, capacity 106588K, committed 106916K, reserved 348160K
  class space    used 12761K, capacity 13998K, committed 14080K, reserved 253952K
}
Event: 721.979 GC heap after
{Heap after GC invocations=64 (full 0):
 garbage-first heap   total 262144K, used 167178K [0x00000000e0000000, 0x0000000100000000)
  region size 1024K, 4 young (4096K), 4 survivors (4096K)
 Metaspace       used 103005K, capacity 106588K, committed 106916K, reserved 348160K
  class space    used 12761K, capacity 13998K, committed 14080K, reserved 253952K
}
Event: 722.178 GC heap before
{Heap before GC invocations=64 (full 0):
 garbage-first heap   total 262144K, used 227594K [0x00000000e0000000, 0x0000000100000000)
  region size 1024K, 63 young (64512K), 4 survivors (4096K)
 Metaspace       used 103005K, capacity 106588K, committed 106916K, reserved 348160K
  class space    used 12761K, capacity 13998K, committed 14080K, reserved 253952K
}
Event: 722.182 GC heap after
{Heap after GC invocations=65 (full 0):
 garbage-first heap   total 262144K, used 165315K [0x00000000e0000000, 0x0000000100000000)
  region size 1024K, 6 young (6144K), 6 survivors (6144K)
 Metaspace       used 103005K, capacity 106588K, committed 106916K, reserved 348160K
  class space    used 12761K, capacity 13998K, committed 14080K, reserved 253952K
}

Deoptimization events (20 events):
Event: 721.034 Thread 0x0000022380daf000 Uncommon trap: trap_request=0xffffff4d fr.pc=0x00000223f4303398 relative=0x00000000000005b8
Event: 721.034 Thread 0x0000022380daf000 Uncommon trap: reason=unstable_if action=reinterpret pc=0x00000223f4303398 method=java.util.Properties.loadConvert([CIILjava/lang/StringBuilder;)Ljava/lang/String; @ 26 c2
Event: 721.034 Thread 0x0000022380daf000 DEOPT PACKING pc=0x00000223f4303398 sp=0x000000b1ef3fc380
Event: 721.034 Thread 0x0000022380daf000 DEOPT UNPACKING pc=0x00000223ec81a1af sp=0x000000b1ef3fc318 mode 2
Event: 721.034 Thread 0x0000022380daf000 Uncommon trap: trap_request=0xffffff4d fr.pc=0x00000223f4b74b2c relative=0x00000000000006ec
Event: 721.034 Thread 0x0000022380daf000 Uncommon trap: reason=unstable_if action=reinterpret pc=0x00000223f4b74b2c method=java.lang.AbstractStringBuilder.appendChars([CII)V @ 10 c2
Event: 721.034 Thread 0x0000022380daf000 DEOPT PACKING pc=0x00000223f4b74b2c sp=0x000000b1ef3fc270
Event: 721.034 Thread 0x0000022380daf000 DEOPT UNPACKING pc=0x00000223ec81a1af sp=0x000000b1ef3fc198 mode 2
Event: 721.038 Thread 0x0000022380daf000 Uncommon trap: trap_request=0xffffffc6 fr.pc=0x00000223f480a944 relative=0x0000000000001fa4
Event: 721.038 Thread 0x0000022380daf000 Uncommon trap: reason=bimorphic_or_optimized_type_check action=maybe_recompile pc=0x00000223f480a944 method=java.util.TimSort.mergeLo(IIII)V @ 189 c2
Event: 721.038 Thread 0x0000022380daf000 DEOPT PACKING pc=0x00000223f480a944 sp=0x000000b1ef3fbef0
Event: 721.038 Thread 0x0000022380daf000 DEOPT UNPACKING pc=0x00000223ec81a1af sp=0x000000b1ef3fbee0 mode 2
Event: 721.038 Thread 0x0000022380daf000 Uncommon trap: trap_request=0xffffffc6 fr.pc=0x00000223f480a944 relative=0x0000000000001fa4
Event: 721.038 Thread 0x0000022380daf000 Uncommon trap: reason=bimorphic_or_optimized_type_check action=maybe_recompile pc=0x00000223f480a944 method=java.util.TimSort.mergeLo(IIII)V @ 189 c2
Event: 721.038 Thread 0x0000022380daf000 DEOPT PACKING pc=0x00000223f480a944 sp=0x000000b1ef3fbef0
Event: 721.038 Thread 0x0000022380daf000 DEOPT UNPACKING pc=0x00000223ec81a1af sp=0x000000b1ef3fbee0 mode 2
Event: 721.038 Thread 0x0000022380daf000 Uncommon trap: trap_request=0xffffffc6 fr.pc=0x00000223f480a944 relative=0x0000000000001fa4
Event: 721.038 Thread 0x0000022380daf000 Uncommon trap: reason=bimorphic_or_optimized_type_check action=maybe_recompile pc=0x00000223f480a944 method=java.util.TimSort.mergeLo(IIII)V @ 189 c2
Event: 721.038 Thread 0x0000022380daf000 DEOPT PACKING pc=0x00000223f480a944 sp=0x000000b1ef3fbef0
Event: 721.038 Thread 0x0000022380daf000 DEOPT UNPACKING pc=0x00000223ec81a1af sp=0x000000b1ef3fbee0 mode 2

Classes redefined (0 events):
No events

Internal exceptions (20 events):
Event: 720.398 Thread 0x0000022381936000 Exception <a 'java/lang/ClassNotFoundException'{0x00000000ef0fc5c0}: org/gradle/api/reporting/internal/TaskGeneratedSingleDirectoryReportCustomizer> (0x00000000ef0fc5c0) thrown at [./src/hotspot/share/classfile/systemDictionary.cpp, line 231]
Event: 720.399 Thread 0x0000022381936000 Exception <a 'java/lang/ClassNotFoundException'{0x00000000eef2b800}: org/gradle/api/reporting/internal/TaskGeneratedSingleDirectoryReport_DecoratedCustomizer> (0x00000000eef2b800) thrown at [./src/hotspot/share/classfile/systemDictionary.cpp, line 231]
Event: 720.401 Thread 0x0000022381936000 Exception <a 'java/lang/ClassNotFoundException'{0x00000000eef7aad0}: IJTestEventLoggerBeanInfo> (0x00000000eef7aad0) thrown at [./src/hotspot/share/classfile/systemDictionary.cpp, line 231]
Event: 720.402 Thread 0x0000022381936000 Exception <a 'java/lang/ClassNotFoundException'{0x00000000eef89970}: IJTestEventLoggerCustomizer> (0x00000000eef89970) thrown at [./src/hotspot/share/classfile/systemDictionary.cpp, line 231]
Event: 720.405 Thread 0x0000022381936000 Exception <a 'java/lang/ClassNotFoundException'{0x00000000eefc4960}: java/io/StringWriterBeanInfo> (0x00000000eefc4960) thrown at [./src/hotspot/share/classfile/systemDictionary.cpp, line 231]
Event: 720.406 Thread 0x0000022381936000 Exception <a 'java/lang/ClassNotFoundException'{0x00000000eefceef8}: java/io/StringWriterCustomizer> (0x00000000eefceef8) thrown at [./src/hotspot/share/classfile/systemDictionary.cpp, line 231]
Event: 720.410 Thread 0x0000022381936000 Exception <a 'java/lang/ClassNotFoundException'{0x00000000eee93388}: groovy/xml/MarkupBuilderBeanInfo> (0x00000000eee93388) thrown at [./src/hotspot/share/classfile/systemDictionary.cpp, line 231]
Event: 720.410 Thread 0x0000022381936000 Exception <a 'java/lang/ClassNotFoundException'{0x00000000eeee7bb8}: groovy/xml/MarkupBuilderCustomizer> (0x00000000eeee7bb8) thrown at [./src/hotspot/share/classfile/systemDictionary.cpp, line 231]
Event: 720.422 Thread 0x0000022381936000 Exception <a 'java/lang/ClassNotFoundException'{0x00000000eedc73c0}: IJTestEventLogger$1BeanInfo> (0x00000000eedc73c0) thrown at [./src/hotspot/share/classfile/systemDictionary.cpp, line 231]
Event: 720.423 Thread 0x0000022381936000 Exception <a 'java/lang/ClassNotFoundException'{0x00000000eedd6040}: IJTestEventLogger$1Customizer> (0x00000000eedd6040) thrown at [./src/hotspot/share/classfile/systemDictionary.cpp, line 231]
Event: 720.427 Thread 0x0000022381936000 Exception <a 'java/lang/ClassNotFoundException'{0x00000000eec32378}: IJTestEventLogger$2BeanInfo> (0x00000000eec32378) thrown at [./src/hotspot/share/classfile/systemDictionary.cpp, line 231]
Event: 720.427 Thread 0x0000022381936000 Exception <a 'java/lang/ClassNotFoundException'{0x00000000eec40ff8}: IJTestEventLogger$2Customizer> (0x00000000eec40ff8) thrown at [./src/hotspot/share/classfile/systemDictionary.cpp, line 231]
Event: 720.436 Thread 0x0000022381936000 Exception <a 'java/lang/ClassNotFoundException'{0x00000000eecbfd00}: org/gradle/api/internal/tasks/testing/logging/DefaultTestLoggingContainer_DecoratedBeanInfo> (0x00000000eecbfd00) thrown at [./src/hotspot/share/classfile/systemDictionary.cpp, line 231]
Event: 720.436 Thread 0x0000022381936000 Exception <a 'java/lang/ClassNotFoundException'{0x00000000eece8860}: org/gradle/api/internal/tasks/testing/logging/DefaultTestLoggingContainerBeanInfo> (0x00000000eece8860) thrown at [./src/hotspot/share/classfile/systemDictionary.cpp, line 231]
Event: 720.437 Thread 0x0000022381936000 Exception <a 'java/lang/ClassNotFoundException'{0x00000000eeb13238}: org/gradle/api/internal/tasks/testing/logging/DefaultTestLoggingContainerCustomizer> (0x00000000eeb13238) thrown at [./src/hotspot/share/classfile/systemDictionary.cpp, line 231]
Event: 720.438 Thread 0x0000022381936000 Exception <a 'java/lang/ClassNotFoundException'{0x00000000eeb66728}: org/gradle/api/internal/tasks/testing/logging/DefaultTestLoggingContainer_DecoratedCustomizer> (0x00000000eeb66728) thrown at [./src/hotspot/share/classfile/systemDictionary.cpp, line 231]
Event: 720.456 Thread 0x0000022381936000 Exception <a 'java/lang/NoSuchMethodError'{0x00000000eea2d838}: 'java.lang.Object java.lang.invoke.DirectMethodHandle$Holder.invokeInterface(java.lang.Object, java.lang.Object, int)'> (0x00000000eea2d838) thrown at [./src/hotspot/share/interpreter/linkResolver.cpp, line 773]
Event: 720.459 Thread 0x0000022381936000 Exception <a 'java/lang/NoSuchMethodError'{0x00000000eea42df8}: 'void java.lang.invoke.DirectMethodHandle$Holder.invokeStatic(java.lang.Object, java.lang.Object, java.lang.Object, int)'> (0x00000000eea42df8) thrown at [./src/hotspot/share/interpreter/linkResolver.cpp, line 773]
Event: 720.515 Thread 0x0000022381931800 Exception <a 'java/lang/NoSuchMethodError'{0x00000000ee91bc88}: <clinit>> (0x00000000ee91bc88) thrown at [./src/hotspot/share/prims/jni.cpp, line 1366]
Event: 720.640 Thread 0x0000022380daf000 Implicit null exception at 0x00000223f471302c to 0x00000223f471306b

Events (20 events):
Event: 721.240 Executing VM operation: CGC_Operation done
Event: 721.261 Thread 0x00000223822ae800 Thread exited: 0x00000223822ae800
Event: 721.319 Executing VM operation: CGC_Operation
Event: 721.319 Executing VM operation: CGC_Operation done
Event: 721.343 Executing VM operation: G1CollectForAllocation
Event: 721.345 Executing VM operation: G1CollectForAllocation done
Event: 721.561 Executing VM operation: G1CollectForAllocation
Event: 721.563 Executing VM operation: G1CollectForAllocation done
Event: 721.694 Executing VM operation: CGC_Operation
Event: 721.706 Executing VM operation: CGC_Operation done
Event: 721.772 Executing VM operation: CGC_Operation
Event: 721.773 Executing VM operation: CGC_Operation done
Event: 721.776 Executing VM operation: G1CollectForAllocation
Event: 721.778 Executing VM operation: G1CollectForAllocation done
Event: 721.975 Executing VM operation: G1CollectForAllocation
Event: 721.979 Executing VM operation: G1CollectForAllocation done
Event: 722.110 Executing VM operation: CGC_Operation
Event: 722.122 Executing VM operation: CGC_Operation done
Event: 722.178 Executing VM operation: G1CollectForAllocation
Event: 722.182 Executing VM operation: G1CollectForAllocation done


Dynamic libraries:
0x00007ff624440000 - 0x00007ff62444a000 	C:\Program Files\JetBrains\IntelliJ IDEA Educational Edition 2021.3.2\jbr\bin\java.exe
0x00007ff894b10000 - 0x00007ff894d05000 	C:\Windows\SYSTEM32\ntdll.dll
0x00007ff894100000 - 0x00007ff8941be000 	C:\Windows\System32\KERNEL32.DLL
0x00007ff8923d0000 - 0x00007ff892698000 	C:\Windows\System32\KERNELBASE.dll
0x00007ff8922d0000 - 0x00007ff8923d0000 	C:\Windows\System32\ucrtbase.dll
0x00007ff86f330000 - 0x00007ff86f347000 	C:\Program Files\JetBrains\IntelliJ IDEA Educational Edition 2021.3.2\jbr\bin\VCRUNTIME140.dll
0x00007ff84d0f0000 - 0x00007ff84d109000 	C:\Program Files\JetBrains\IntelliJ IDEA Educational Edition 2021.3.2\jbr\bin\jli.dll
0x00007ff893bc0000 - 0x00007ff893d60000 	C:\Windows\System32\USER32.dll
0x00007ff87e7b0000 - 0x00007ff87ea4a000 	C:\Windows\WinSxS\amd64_microsoft.windows.common-controls_6595b64144ccf1df_6.0.19041.1110_none_60b5254171f9507e\COMCTL32.dll
0x00007ff892830000 - 0x00007ff892852000 	C:\Windows\System32\win32u.dll
0x00007ff893a30000 - 0x00007ff893ace000 	C:\Windows\System32\msvcrt.dll
0x00007ff892b70000 - 0x00007ff892b9b000 	C:\Windows\System32\GDI32.dll
0x00007ff892860000 - 0x00007ff89296b000 	C:\Windows\System32\gdi32full.dll
0x00007ff892230000 - 0x00007ff8922cd000 	C:\Windows\System32\msvcp_win.dll
0x00007ff8941c0000 - 0x00007ff8941f0000 	C:\Windows\System32\IMM32.DLL
0x00007ff8450b0000 - 0x00007ff84514d000 	C:\Program Files\JetBrains\IntelliJ IDEA Educational Edition 2021.3.2\jbr\bin\msvcp140.dll
0x00007ff8489b0000 - 0x00007ff849526000 	C:\Program Files\JetBrains\IntelliJ IDEA Educational Edition 2021.3.2\jbr\bin\server\jvm.dll
0x00007ff894050000 - 0x00007ff8940fe000 	C:\Windows\System32\ADVAPI32.dll
0x00007ff892ce0000 - 0x00007ff892d7c000 	C:\Windows\System32\sechost.dll
0x00007ff893f20000 - 0x00007ff894045000 	C:\Windows\System32\RPCRT4.dll
0x00007ff893f10000 - 0x00007ff893f18000 	C:\Windows\System32\PSAPI.DLL
0x00007ff88e0c0000 - 0x00007ff88e0c9000 	C:\Windows\SYSTEM32\WSOCK32.dll
0x00007ff889b70000 - 0x00007ff889b97000 	C:\Windows\SYSTEM32\WINMM.dll
0x00007ff88b780000 - 0x00007ff88b78a000 	C:\Windows\SYSTEM32\VERSION.dll
0x00007ff894a60000 - 0x00007ff894acb000 	C:\Windows\System32\WS2_32.dll
0x00007ff890160000 - 0x00007ff890172000 	C:\Windows\SYSTEM32\kernel.appcore.dll
0x00007ff88de00000 - 0x00007ff88de11000 	C:\Program Files\JetBrains\IntelliJ IDEA Educational Edition 2021.3.2\jbr\bin\verify.dll
0x00007ff88bc70000 - 0x00007ff88be54000 	C:\Windows\SYSTEM32\DBGHELP.DLL
0x00007ff87d400000 - 0x00007ff87d42c000 	C:\Windows\SYSTEM32\dbgcore.DLL
0x00007ff892970000 - 0x00007ff8929f2000 	C:\Windows\System32\bcryptPrimitives.dll
0x00007ff87fb70000 - 0x00007ff87fb99000 	C:\Program Files\JetBrains\IntelliJ IDEA Educational Edition 2021.3.2\jbr\bin\java.dll
0x00007ff88df10000 - 0x00007ff88df1b000 	C:\Program Files\JetBrains\IntelliJ IDEA Educational Edition 2021.3.2\jbr\bin\jimage.dll
0x00007ff887400000 - 0x00007ff887418000 	C:\Program Files\JetBrains\IntelliJ IDEA Educational Edition 2021.3.2\jbr\bin\zip.dll
0x00007ff8941f0000 - 0x00007ff894934000 	C:\Windows\System32\SHELL32.dll
0x00007ff890360000 - 0x00007ff890af4000 	C:\Windows\SYSTEM32\windows.storage.dll
0x00007ff8934b0000 - 0x00007ff893804000 	C:\Windows\System32\combase.dll
0x00007ff891bc0000 - 0x00007ff891bec000 	C:\Windows\SYSTEM32\Wldp.dll
0x00007ff892ed0000 - 0x00007ff892f7d000 	C:\Windows\System32\SHCORE.dll
0x00007ff8939d0000 - 0x00007ff893a25000 	C:\Windows\System32\shlwapi.dll
0x00007ff892170000 - 0x00007ff89218f000 	C:\Windows\SYSTEM32\profapi.dll
0x00007ff87d650000 - 0x00007ff87d66a000 	C:\Program Files\JetBrains\IntelliJ IDEA Educational Edition 2021.3.2\jbr\bin\net.dll
0x00007ff883bb0000 - 0x00007ff883cb9000 	C:\Windows\SYSTEM32\WINHTTP.dll
0x00007ff891920000 - 0x00007ff89198a000 	C:\Windows\system32\mswsock.dll
0x00007ff87d630000 - 0x00007ff87d644000 	C:\Program Files\JetBrains\IntelliJ IDEA Educational Edition 2021.3.2\jbr\bin\nio.dll
0x00007ff87aec0000 - 0x00007ff87aee7000 	C:\Users\Anjan Karmakar\.gradle\native\e1d6ef7f7dcc3fd88c89a11ec53ec762bb8ba0a96d01ffa2cd45eb1d1d8dd5c5\windows-amd64\native-platform.dll
0x00007ff848860000 - 0x00007ff8489a4000 	C:\Users\Anjan Karmakar\.gradle\native\5664cfc778a61ccfe75a443a1ab52a65af34e5dc3c78e0209fed803814484fcb\windows-amd64\native-platform-file-events.dll
0x00007ff8875a0000 - 0x00007ff8875aa000 	C:\Program Files\JetBrains\IntelliJ IDEA Educational Edition 2021.3.2\jbr\bin\management.dll
0x00007ff887470000 - 0x00007ff88747d000 	C:\Program Files\JetBrains\IntelliJ IDEA Educational Edition 2021.3.2\jbr\bin\management_ext.dll
0x00007ff891b20000 - 0x00007ff891b38000 	C:\Windows\SYSTEM32\CRYPTSP.dll
0x00007ff8912a0000 - 0x00007ff8912d4000 	C:\Windows\system32\rsaenh.dll
0x00007ff8926a0000 - 0x00007ff8926c7000 	C:\Windows\System32\bcrypt.dll
0x00007ff892130000 - 0x00007ff89215e000 	C:\Windows\SYSTEM32\USERENV.dll
0x00007ff891b10000 - 0x00007ff891b1c000 	C:\Windows\SYSTEM32\CRYPTBASE.dll
0x00007ff891610000 - 0x00007ff89164b000 	C:\Windows\SYSTEM32\IPHLPAPI.DLL
0x00007ff8934a0000 - 0x00007ff8934a8000 	C:\Windows\System32\NSI.dll
0x00007ff88b2d0000 - 0x00007ff88b2e7000 	C:\Windows\SYSTEM32\dhcpcsvc6.DLL
0x00007ff88b6e0000 - 0x00007ff88b6fd000 	C:\Windows\SYSTEM32\dhcpcsvc.DLL
0x00007ff891650000 - 0x00007ff89171a000 	C:\Windows\SYSTEM32\DNSAPI.dll
0x00007ff87d600000 - 0x00007ff87d628000 	C:\Program Files\JetBrains\IntelliJ IDEA Educational Edition 2021.3.2\jbr\bin\sunec.dll
0x00007ff883650000 - 0x00007ff88365a000 	C:\Windows\System32\rasadhlp.dll
0x00007ff883cc0000 - 0x00007ff883d3f000 	C:\Windows\System32\fwpuclnt.dll

dbghelp: loaded successfully - version: 4.0.5 - missing functions: none
symbol engine: initialized successfully - sym options: 0x614 - pdb path: .;C:\Program Files\JetBrains\IntelliJ IDEA Educational Edition 2021.3.2\jbr\bin;C:\Windows\SYSTEM32;C:\Windows\WinSxS\amd64_microsoft.windows.common-controls_6595b64144ccf1df_6.0.19041.1110_none_60b5254171f9507e;C:\Program Files\JetBrains\IntelliJ IDEA Educational Edition 2021.3.2\jbr\bin\server;C:\Users\Anjan Karmakar\.gradle\native\e1d6ef7f7dcc3fd88c89a11ec53ec762bb8ba0a96d01ffa2cd45eb1d1d8dd5c5\windows-amd64;C:\Users\Anjan Karmakar\.gradle\native\5664cfc778a61ccfe75a443a1ab52a65af34e5dc3c78e0209fed803814484fcb\windows-amd64

VM Arguments:
jvm_args: --add-opens=java.base/java.util=ALL-UNNAMED --add-opens=java.base/java.lang=ALL-UNNAMED --add-opens=java.base/java.lang.invoke=ALL-UNNAMED --add-opens=java.base/java.util=ALL-UNNAMED --add-opens=java.prefs/java.util.prefs=ALL-UNNAMED --add-opens=java.prefs/java.util.prefs=ALL-UNNAMED --add-opens=java.base/java.nio.charset=ALL-UNNAMED --add-opens=java.base/java.net=ALL-UNNAMED --add-opens=java.base/java.util.concurrent.atomic=ALL-UNNAMED -XX:MaxMetaspaceSize=256m -XX:+HeapDumpOnOutOfMemoryError -Xms256m -Xmx512m -Dfile.encoding=windows-1252 -Duser.country=US -Duser.language=en -Duser.variant 
java_command: org.gradle.launcher.daemon.bootstrap.GradleDaemon 7.3.3
java_class_path (initial): C:\Users\Anjan Karmakar\.gradle\wrapper\dists\gradle-7.3.3-bin\6a41zxkdtcxs8rphpq6y0069z\gradle-7.3.3\lib\gradle-launcher-7.3.3.jar
Launcher Type: SUN_STANDARD

[Global flags]
     intx CICompilerCount                          = 3                                         {product} {ergonomic}
   size_t CompressedClassSpaceSize                 = 260046848                                 {product} {ergonomic}
     uint ConcGCThreads                            = 1                                         {product} {ergonomic}
     uint G1ConcRefinementThreads                  = 4                                         {product} {ergonomic}
   size_t G1HeapRegionSize                         = 1048576                                   {product} {ergonomic}
    uintx GCDrainStackTargetSize                   = 64                                        {product} {ergonomic}
     bool HeapDumpOnOutOfMemoryError               = true                                   {manageable} {command line}
   size_t InitialHeapSize                          = 268435456                                 {product} {command line}
   size_t MarkStackSize                            = 4194304                                   {product} {ergonomic}
   size_t MaxHeapSize                              = 536870912                                 {product} {command line}
   size_t MaxMetaspaceSize                         = 268435456                                 {product} {command line}
   size_t MaxNewSize                               = 321912832                                 {product} {ergonomic}
   size_t MinHeapDeltaBytes                        = 1048576                                   {product} {ergonomic}
    uintx NonNMethodCodeHeapSize                   = 5830732                                {pd product} {ergonomic}
    uintx NonProfiledCodeHeapSize                  = 122913754                              {pd product} {ergonomic}
    uintx ProfiledCodeHeapSize                     = 122913754                              {pd product} {ergonomic}
    uintx ReservedCodeCacheSize                    = 251658240                              {pd product} {ergonomic}
     bool SegmentedCodeCache                       = true                                      {product} {ergonomic}
     bool UseCompressedClassPointers               = true                                 {lp64_product} {ergonomic}
     bool UseCompressedOops                        = true                                 {lp64_product} {ergonomic}
     bool UseG1GC                                  = true                                      {product} {ergonomic}
     bool UseLargePagesIndividualAllocation        = false                                  {pd product} {ergonomic}

Logging:
Log output configuration:
 #0: stdout all=warning uptime,level,tags
 #1: stderr all=off uptime,level,tags

Environment Variables:
PATH=C:\Program Files\Common Files\Oracle\Java\javapath;C:\Windows\system32;C:\Windows;C:\Windows\System32\Wbem;C:\Windows\System32\WindowsPowerShell\v1.0\;C:\Windows\System32\OpenSSH\;C:\Program Files\Git\cmd;C:\Program Files\nodejs\;C:\Users\Anjan Karmakar\AppData\Local\Microsoft\WindowsApps;;C:\Program Files\JetBrains\IntelliJ IDEA Community Edition 2021.2.3\bin;;C:\Program Files\JetBrains\PyCharm Community Edition 2021.2.3\bin;;C:\Users\Anjan Karmakar\AppData\Local\Programs\Microsoft VS Code\bin;C:\Users\Anjan Karmakar\AppData\Local\Programs\oh-my-posh\bin;C:\Users\Anjan Karmakar\AppData\Local\Programs\oh-my-posh\themes;C:\Exercism;C:\Program Files\JetBrains\IntelliJ IDEA Educational Edition 2021.3.2\bin;;C:\Program Files\heroku\bin;C:\Users\Anjan Karmakar\AppData\Roaming\npm
USERNAME=Anjan Karmakar
OS=Windows_NT
PROCESSOR_IDENTIFIER=AMD64 Family 23 Model 24 Stepping 1, AuthenticAMD



---------------  S Y S T E M  ---------------

OS: Windows 10 , 64 bit Build 19041 (10.0.19041.1566)
OS uptime: 0 days 1:52 hours

CPU:total 4 (initial active 4) (4 cores per cpu, 1 threads per core) family 23 model 24 stepping 1 microcode 0x0, cmov, cx8, fxsr, mmx, sse, sse2, sse3, ssse3, sse4.1, sse4.2, popcnt, avx, avx2, aes, clmul, mmxext, 3dnowpref, lzcnt, sse4a, tsc, tscinvbit, tscinv, bmi1, bmi2, adx, sha, fma

Memory: 4k page, system-wide physical 6092M (2529M free)
TotalPageFile size 10188M (AvailPageFile size 2150M)
current process WorkingSet (physical memory assigned to process): 410M, peak: 508M
current process commit charge ("private bytes"): 576M, peak: 610M

vm_info: OpenJDK 64-Bit Server VM (11.0.13+7-b1751.25) for windows-amd64 JRE (11.0.13+7-b1751.25), built on Jan 13 2022 20:47:27 by "" with MS VC++ 14.0 (VS2015)

END.
